[2021-06-02 10:25:30.832] [renderer1] [error] spawn git ENOENT: Error: spawn git ENOENT
    at Process.ChildProcess._handle.onexit (internal/child_process.js:264:19)
    at onErrorNT (internal/child_process.js:456:16)
    at processTicksAndRejections (internal/process/task_queues.js:81:21)
[2021-06-02 10:47:31.041] [renderer1] [error] spawn ENOMEM: Error: spawn ENOMEM
	at ChildProcess.spawn (internal/child_process.js:394:11)
	at spawn (child_process.js:540:9)
	at Object.execFile (child_process.js:224:17)
	at Object.exec (child_process.js:145:25)
	at n (/root/.vscode-server/bin/ea3859d4ba2f3e577a159bc91e3074c5d85c0523/out/vs/server/remoteExtensionHostProcess.js:908:946)
	at new Promise (<anonymous>)
	at v.findCandidatePorts (/root/.vscode-server/bin/ea3859d4ba2f3e577a159bc91e3074c5d85c0523/out/vs/server/remoteExtensionHostProcess.js:908:928)
	at Timeout._onTimeout (/root/.vscode-server/bin/ea3859d4ba2f3e577a159bc91e3074c5d85c0523/out/vs/server/remoteExtensionHostProcess.js:907:482)
	at listOnTimeout (internal/timers.js:531:17)
	at processTimers (internal/timers.js:475:7)
[2021-06-02 10:47:34.179] [renderer1] [warning] {}
[2021-06-02 10:47:38.255] [renderer1] [error] spawn ENOMEM: Error: spawn ENOMEM
	at ChildProcess.spawn (internal/child_process.js:394:11)
	at spawn (child_process.js:540:9)
	at Object.execFile (child_process.js:224:17)
	at Object.exec (child_process.js:145:25)
	at n (/root/.vscode-server/bin/ea3859d4ba2f3e577a159bc91e3074c5d85c0523/out/vs/server/remoteExtensionHostProcess.js:908:946)
	at new Promise (<anonymous>)
	at v.findCandidatePorts (/root/.vscode-server/bin/ea3859d4ba2f3e577a159bc91e3074c5d85c0523/out/vs/server/remoteExtensionHostProcess.js:908:928)
	at Timeout._onTimeout (/root/.vscode-server/bin/ea3859d4ba2f3e577a159bc91e3074c5d85c0523/out/vs/server/remoteExtensionHostProcess.js:907:482)
	at listOnTimeout (internal/timers.js:531:17)
	at processTimers (internal/timers.js:475:7)
[2021-06-02 10:47:39.470] [renderer1] [error] spawn ENOMEM: Error: spawn ENOMEM
	at ChildProcess.spawn (internal/child_process.js:394:11)
	at spawn (child_process.js:540:9)
	at Object.execFile (child_process.js:224:17)
	at Object.exec (child_process.js:145:25)
	at n (/root/.vscode-server/bin/ea3859d4ba2f3e577a159bc91e3074c5d85c0523/out/vs/server/remoteExtensionHostProcess.js:908:946)
	at new Promise (<anonymous>)
	at v.findCandidatePorts (/root/.vscode-server/bin/ea3859d4ba2f3e577a159bc91e3074c5d85c0523/out/vs/server/remoteExtensionHostProcess.js:908:928)
	at Timeout._onTimeout (/root/.vscode-server/bin/ea3859d4ba2f3e577a159bc91e3074c5d85c0523/out/vs/server/remoteExtensionHostProcess.js:907:482)
	at listOnTimeout (internal/timers.js:531:17)
	at processTimers (internal/timers.js:475:7)
[2021-06-02 10:47:48.892] [renderer1] [error] spawn ENOMEM: Error: spawn ENOMEM
	at ChildProcess.spawn (internal/child_process.js:394:11)
	at spawn (child_process.js:540:9)
	at Object.execFile (child_process.js:224:17)
	at Object.exec (child_process.js:145:25)
	at n (/root/.vscode-server/bin/ea3859d4ba2f3e577a159bc91e3074c5d85c0523/out/vs/server/remoteExtensionHostProcess.js:908:946)
	at new Promise (<anonymous>)
	at v.findCandidatePorts (/root/.vscode-server/bin/ea3859d4ba2f3e577a159bc91e3074c5d85c0523/out/vs/server/remoteExtensionHostProcess.js:908:928)
	at Timeout._onTimeout (/root/.vscode-server/bin/ea3859d4ba2f3e577a159bc91e3074c5d85c0523/out/vs/server/remoteExtensionHostProcess.js:907:482)
	at listOnTimeout (internal/timers.js:531:17)
	at processTimers (internal/timers.js:475:7)
[2021-06-02 10:48:00.784] [renderer1] [error] spawn ENOMEM: Error: spawn ENOMEM
	at ChildProcess.spawn (internal/child_process.js:394:11)
	at spawn (child_process.js:540:9)
	at Object.execFile (child_process.js:224:17)
	at Object.exec (child_process.js:145:25)
	at n (/root/.vscode-server/bin/ea3859d4ba2f3e577a159bc91e3074c5d85c0523/out/vs/server/remoteExtensionHostProcess.js:908:946)
	at new Promise (<anonymous>)
	at v.findCandidatePorts (/root/.vscode-server/bin/ea3859d4ba2f3e577a159bc91e3074c5d85c0523/out/vs/server/remoteExtensionHostProcess.js:908:928)
	at Timeout._onTimeout (/root/.vscode-server/bin/ea3859d4ba2f3e577a159bc91e3074c5d85c0523/out/vs/server/remoteExtensionHostProcess.js:907:482)
	at listOnTimeout (internal/timers.js:531:17)
	at processTimers (internal/timers.js:475:7)
[2021-06-02 10:48:15.999] [renderer1] [error] spawn ENOMEM: Error: spawn ENOMEM
	at ChildProcess.spawn (internal/child_process.js:394:11)
	at spawn (child_process.js:540:9)
	at Object.execFile (child_process.js:224:17)
	at Object.exec (child_process.js:145:25)
	at n (/root/.vscode-server/bin/ea3859d4ba2f3e577a159bc91e3074c5d85c0523/out/vs/server/remoteExtensionHostProcess.js:908:946)
	at new Promise (<anonymous>)
	at v.findCandidatePorts (/root/.vscode-server/bin/ea3859d4ba2f3e577a159bc91e3074c5d85c0523/out/vs/server/remoteExtensionHostProcess.js:908:928)
	at Timeout._onTimeout (/root/.vscode-server/bin/ea3859d4ba2f3e577a159bc91e3074c5d85c0523/out/vs/server/remoteExtensionHostProcess.js:907:482)
	at listOnTimeout (internal/timers.js:531:17)
	at processTimers (internal/timers.js:475:7)
[2021-06-02 10:48:50.675] [renderer1] [error] spawn ENOMEM: Error: spawn ENOMEM
	at ChildProcess.spawn (internal/child_process.js:394:11)
	at spawn (child_process.js:540:9)
	at Object.execFile (child_process.js:224:17)
	at Object.exec (child_process.js:145:25)
	at n (/root/.vscode-server/bin/ea3859d4ba2f3e577a159bc91e3074c5d85c0523/out/vs/server/remoteExtensionHostProcess.js:908:946)
	at new Promise (<anonymous>)
	at v.findCandidatePorts (/root/.vscode-server/bin/ea3859d4ba2f3e577a159bc91e3074c5d85c0523/out/vs/server/remoteExtensionHostProcess.js:908:928)
	at Timeout._onTimeout (/root/.vscode-server/bin/ea3859d4ba2f3e577a159bc91e3074c5d85c0523/out/vs/server/remoteExtensionHostProcess.js:907:482)
	at listOnTimeout (internal/timers.js:531:17)
	at processTimers (internal/timers.js:475:7)
[2021-06-02 10:48:52.263] [renderer1] [error] spawn ENOMEM: Error: spawn ENOMEM
	at ChildProcess.spawn (internal/child_process.js:394:11)
	at spawn (child_process.js:540:9)
	at Object.execFile (child_process.js:224:17)
	at Object.exec (child_process.js:145:25)
	at n (/root/.vscode-server/bin/ea3859d4ba2f3e577a159bc91e3074c5d85c0523/out/vs/server/remoteExtensionHostProcess.js:908:946)
	at new Promise (<anonymous>)
	at v.findCandidatePorts (/root/.vscode-server/bin/ea3859d4ba2f3e577a159bc91e3074c5d85c0523/out/vs/server/remoteExtensionHostProcess.js:908:928)
	at Timeout._onTimeout (/root/.vscode-server/bin/ea3859d4ba2f3e577a159bc91e3074c5d85c0523/out/vs/server/remoteExtensionHostProcess.js:907:482)
	at listOnTimeout (internal/timers.js:531:17)
	at processTimers (internal/timers.js:475:7)
[2021-06-02 10:48:54.254] [renderer1] [error] spawn ENOMEM: Error: spawn ENOMEM
	at ChildProcess.spawn (internal/child_process.js:394:11)
	at spawn (child_process.js:540:9)
	at Object.execFile (child_process.js:224:17)
	at Object.exec (child_process.js:145:25)
	at n (/root/.vscode-server/bin/ea3859d4ba2f3e577a159bc91e3074c5d85c0523/out/vs/server/remoteExtensionHostProcess.js:908:946)
	at new Promise (<anonymous>)
	at v.findCandidatePorts (/root/.vscode-server/bin/ea3859d4ba2f3e577a159bc91e3074c5d85c0523/out/vs/server/remoteExtensionHostProcess.js:908:928)
	at Timeout._onTimeout (/root/.vscode-server/bin/ea3859d4ba2f3e577a159bc91e3074c5d85c0523/out/vs/server/remoteExtensionHostProcess.js:907:482)
	at listOnTimeout (internal/timers.js:531:17)
	at processTimers (internal/timers.js:475:7)
[2021-06-02 10:49:04.694] [renderer1] [error] spawn ENOMEM: Error: spawn ENOMEM
	at ChildProcess.spawn (internal/child_process.js:394:11)
	at spawn (child_process.js:540:9)
	at Object.execFile (child_process.js:224:17)
	at Object.exec (child_process.js:145:25)
	at n (/root/.vscode-server/bin/ea3859d4ba2f3e577a159bc91e3074c5d85c0523/out/vs/server/remoteExtensionHostProcess.js:908:946)
	at new Promise (<anonymous>)
	at v.findCandidatePorts (/root/.vscode-server/bin/ea3859d4ba2f3e577a159bc91e3074c5d85c0523/out/vs/server/remoteExtensionHostProcess.js:908:928)
	at Timeout._onTimeout (/root/.vscode-server/bin/ea3859d4ba2f3e577a159bc91e3074c5d85c0523/out/vs/server/remoteExtensionHostProcess.js:907:482)
	at listOnTimeout (internal/timers.js:531:17)
	at processTimers (internal/timers.js:475:7)
[2021-06-02 10:49:08.377] [renderer1] [error] spawn ENOMEM: Error: spawn ENOMEM
	at ChildProcess.spawn (internal/child_process.js:394:11)
	at spawn (child_process.js:540:9)
	at Object.execFile (child_process.js:224:17)
	at Object.exec (child_process.js:145:25)
	at n (/root/.vscode-server/bin/ea3859d4ba2f3e577a159bc91e3074c5d85c0523/out/vs/server/remoteExtensionHostProcess.js:908:946)
	at new Promise (<anonymous>)
	at v.findCandidatePorts (/root/.vscode-server/bin/ea3859d4ba2f3e577a159bc91e3074c5d85c0523/out/vs/server/remoteExtensionHostProcess.js:908:928)
	at Timeout._onTimeout (/root/.vscode-server/bin/ea3859d4ba2f3e577a159bc91e3074c5d85c0523/out/vs/server/remoteExtensionHostProcess.js:907:482)
	at listOnTimeout (internal/timers.js:531:17)
	at processTimers (internal/timers.js:475:7)
[2021-06-02 10:49:10.942] [renderer1] [error] spawn ENOMEM: Error: spawn ENOMEM
	at ChildProcess.spawn (internal/child_process.js:394:11)
	at spawn (child_process.js:540:9)
	at Object.execFile (child_process.js:224:17)
	at Object.exec (child_process.js:145:25)
	at n (/root/.vscode-server/bin/ea3859d4ba2f3e577a159bc91e3074c5d85c0523/out/vs/server/remoteExtensionHostProcess.js:908:946)
	at new Promise (<anonymous>)
	at v.findCandidatePorts (/root/.vscode-server/bin/ea3859d4ba2f3e577a159bc91e3074c5d85c0523/out/vs/server/remoteExtensionHostProcess.js:908:928)
	at Timeout._onTimeout (/root/.vscode-server/bin/ea3859d4ba2f3e577a159bc91e3074c5d85c0523/out/vs/server/remoteExtensionHostProcess.js:907:482)
	at listOnTimeout (internal/timers.js:531:17)
	at processTimers (internal/timers.js:475:7)
[2021-06-02 10:49:24.087] [renderer1] [error] spawn ENOMEM: Error: spawn ENOMEM
	at ChildProcess.spawn (internal/child_process.js:394:11)
	at spawn (child_process.js:540:9)
	at Object.execFile (child_process.js:224:17)
	at Object.exec (child_process.js:145:25)
	at n (/root/.vscode-server/bin/ea3859d4ba2f3e577a159bc91e3074c5d85c0523/out/vs/server/remoteExtensionHostProcess.js:908:946)
	at new Promise (<anonymous>)
	at v.findCandidatePorts (/root/.vscode-server/bin/ea3859d4ba2f3e577a159bc91e3074c5d85c0523/out/vs/server/remoteExtensionHostProcess.js:908:928)
	at Timeout._onTimeout (/root/.vscode-server/bin/ea3859d4ba2f3e577a159bc91e3074c5d85c0523/out/vs/server/remoteExtensionHostProcess.js:907:482)
	at listOnTimeout (internal/timers.js:531:17)
	at processTimers (internal/timers.js:475:7)
[2021-06-02 10:51:03.161] [renderer1] [error] spawn ENOMEM: Error: spawn ENOMEM
	at ChildProcess.spawn (internal/child_process.js:394:11)
	at spawn (child_process.js:540:9)
	at Object.execFile (child_process.js:224:17)
	at Object.exec (child_process.js:145:25)
	at n (/root/.vscode-server/bin/ea3859d4ba2f3e577a159bc91e3074c5d85c0523/out/vs/server/remoteExtensionHostProcess.js:908:946)
	at new Promise (<anonymous>)
	at v.findCandidatePorts (/root/.vscode-server/bin/ea3859d4ba2f3e577a159bc91e3074c5d85c0523/out/vs/server/remoteExtensionHostProcess.js:908:928)
	at Timeout._onTimeout (/root/.vscode-server/bin/ea3859d4ba2f3e577a159bc91e3074c5d85c0523/out/vs/server/remoteExtensionHostProcess.js:907:482)
	at listOnTimeout (internal/timers.js:531:17)
	at processTimers (internal/timers.js:475:7)
[2021-06-02 10:51:15.189] [renderer1] [error] spawn ENOMEM: Error: spawn ENOMEM
	at ChildProcess.spawn (internal/child_process.js:394:11)
	at spawn (child_process.js:540:9)
	at Object.execFile (child_process.js:224:17)
	at Object.exec (child_process.js:145:25)
	at n (/root/.vscode-server/bin/ea3859d4ba2f3e577a159bc91e3074c5d85c0523/out/vs/server/remoteExtensionHostProcess.js:908:946)
	at new Promise (<anonymous>)
	at v.findCandidatePorts (/root/.vscode-server/bin/ea3859d4ba2f3e577a159bc91e3074c5d85c0523/out/vs/server/remoteExtensionHostProcess.js:908:928)
	at Timeout._onTimeout (/root/.vscode-server/bin/ea3859d4ba2f3e577a159bc91e3074c5d85c0523/out/vs/server/remoteExtensionHostProcess.js:907:482)
	at listOnTimeout (internal/timers.js:531:17)
	at processTimers (internal/timers.js:475:7)
[2021-06-02 10:51:23.882] [renderer1] [warning] {}
[2021-06-02 10:51:25.099] [renderer1] [error] spawn ENOMEM: Error: spawn ENOMEM
	at ChildProcess.spawn (internal/child_process.js:394:11)
	at spawn (child_process.js:540:9)
	at Object.execFile (child_process.js:224:17)
	at Object.exec (child_process.js:145:25)
	at n (/root/.vscode-server/bin/ea3859d4ba2f3e577a159bc91e3074c5d85c0523/out/vs/server/remoteExtensionHostProcess.js:908:946)
	at new Promise (<anonymous>)
	at v.findCandidatePorts (/root/.vscode-server/bin/ea3859d4ba2f3e577a159bc91e3074c5d85c0523/out/vs/server/remoteExtensionHostProcess.js:908:928)
	at Timeout._onTimeout (/root/.vscode-server/bin/ea3859d4ba2f3e577a159bc91e3074c5d85c0523/out/vs/server/remoteExtensionHostProcess.js:907:482)
	at listOnTimeout (internal/timers.js:531:17)
	at processTimers (internal/timers.js:475:7)
[2021-06-02 10:51:36.893] [renderer1] [error] spawn ENOMEM: Error: spawn ENOMEM
	at ChildProcess.spawn (internal/child_process.js:394:11)
	at spawn (child_process.js:540:9)
	at Object.execFile (child_process.js:224:17)
	at Object.exec (child_process.js:145:25)
	at n (/root/.vscode-server/bin/ea3859d4ba2f3e577a159bc91e3074c5d85c0523/out/vs/server/remoteExtensionHostProcess.js:908:946)
	at new Promise (<anonymous>)
	at v.findCandidatePorts (/root/.vscode-server/bin/ea3859d4ba2f3e577a159bc91e3074c5d85c0523/out/vs/server/remoteExtensionHostProcess.js:908:928)
	at Timeout._onTimeout (/root/.vscode-server/bin/ea3859d4ba2f3e577a159bc91e3074c5d85c0523/out/vs/server/remoteExtensionHostProcess.js:907:482)
	at listOnTimeout (internal/timers.js:531:17)
	at processTimers (internal/timers.js:475:7)
[2021-06-02 10:51:39.769] [renderer1] [error] spawn ENOMEM: Error: spawn ENOMEM
	at ChildProcess.spawn (internal/child_process.js:394:11)
	at spawn (child_process.js:540:9)
	at Object.execFile (child_process.js:224:17)
	at Object.exec (child_process.js:145:25)
	at n (/root/.vscode-server/bin/ea3859d4ba2f3e577a159bc91e3074c5d85c0523/out/vs/server/remoteExtensionHostProcess.js:908:946)
	at new Promise (<anonymous>)
	at v.findCandidatePorts (/root/.vscode-server/bin/ea3859d4ba2f3e577a159bc91e3074c5d85c0523/out/vs/server/remoteExtensionHostProcess.js:908:928)
	at Timeout._onTimeout (/root/.vscode-server/bin/ea3859d4ba2f3e577a159bc91e3074c5d85c0523/out/vs/server/remoteExtensionHostProcess.js:907:482)
	at listOnTimeout (internal/timers.js:531:17)
	at processTimers (internal/timers.js:475:7)
[2021-06-02 10:51:41.438] [renderer1] [error] spawn ENOMEM: Error: spawn ENOMEM
	at ChildProcess.spawn (internal/child_process.js:394:11)
	at spawn (child_process.js:540:9)
	at Object.execFile (child_process.js:224:17)
	at Object.exec (child_process.js:145:25)
	at n (/root/.vscode-server/bin/ea3859d4ba2f3e577a159bc91e3074c5d85c0523/out/vs/server/remoteExtensionHostProcess.js:908:946)
	at new Promise (<anonymous>)
	at v.findCandidatePorts (/root/.vscode-server/bin/ea3859d4ba2f3e577a159bc91e3074c5d85c0523/out/vs/server/remoteExtensionHostProcess.js:908:928)
	at Timeout._onTimeout (/root/.vscode-server/bin/ea3859d4ba2f3e577a159bc91e3074c5d85c0523/out/vs/server/remoteExtensionHostProcess.js:907:482)
	at listOnTimeout (internal/timers.js:531:17)
	at processTimers (internal/timers.js:475:7)
[2021-06-02 10:54:35.049] [renderer1] [warning] {}
[2021-06-02 10:54:45.004] [renderer1] [error] spawn ENOMEM: Error: spawn ENOMEM
	at ChildProcess.spawn (internal/child_process.js:394:11)
	at spawn (child_process.js:540:9)
	at Object.execFile (child_process.js:224:17)
	at Object.exec (child_process.js:145:25)
	at n (/root/.vscode-server/bin/ea3859d4ba2f3e577a159bc91e3074c5d85c0523/out/vs/server/remoteExtensionHostProcess.js:908:946)
	at new Promise (<anonymous>)
	at v.findCandidatePorts (/root/.vscode-server/bin/ea3859d4ba2f3e577a159bc91e3074c5d85c0523/out/vs/server/remoteExtensionHostProcess.js:908:928)
	at Timeout._onTimeout (/root/.vscode-server/bin/ea3859d4ba2f3e577a159bc91e3074c5d85c0523/out/vs/server/remoteExtensionHostProcess.js:907:482)
	at listOnTimeout (internal/timers.js:531:17)
	at processTimers (internal/timers.js:475:7)
[2021-06-02 10:55:39.482] [renderer1] [warning] {}
[2021-06-02 10:56:20.369] [renderer1] [warning] {}
[2021-06-02 10:56:34.346] [renderer1] [info] [remote-connection][ExtensionHost][bbefd…][reconnect] starting reconnecting loop. You can get more information with the trace log level.
[2021-06-02 10:56:34.346] [renderer1] [info] [remote-connection][ExtensionHost][bbefd…][reconnect] waiting for 5 seconds before reconnecting...
[2021-06-02 10:56:39.346] [renderer1] [info] [remote-connection][ExtensionHost][bbefd…][reconnect] resolving connection...
[2021-06-02 10:56:39.346] [renderer1] [info] [remote-connection][ExtensionHost][bbefd…][reconnect] connecting to 127.0.0.1:43643...
[2021-06-02 10:56:54.566] [renderer1] [info] [remote-connection][Management   ][eae04…][reconnect] starting reconnecting loop. You can get more information with the trace log level.
[2021-06-02 10:56:54.578] [renderer1] [info] [remote-connection][Management   ][eae04…][reconnect] waiting for 5 seconds before reconnecting...
[2021-06-02 10:56:59.578] [renderer1] [info] [remote-connection][Management   ][eae04…][reconnect] resolving connection...
[2021-06-02 10:57:09.347] [renderer1] [error] [remote-connection] The time limit has been reached for a connection. Error:
[2021-06-02 10:57:09.347] [renderer1] [error] Error: Time limit reached
    at file:///opt/visual-studio-code/resources/app/out/vs/workbench/workbench.desktop.main.js:1997:292
[2021-06-02 10:57:09.347] [renderer1] [info] [remote-connection][ExtensionHost][bbefd…][reconnect] A network error occurred while trying to reconnect, will try again...
[2021-06-02 10:57:09.348] [renderer1] [info] [remote-connection][ExtensionHost][bbefd…][reconnect] waiting for 5 seconds before reconnecting...
[2021-06-02 10:57:14.348] [renderer1] [info] [remote-connection][ExtensionHost][bbefd…][reconnect] resolving connection...
[2021-06-02 10:57:33.111] [renderer1] [warning] {}
[2021-06-02 10:57:48.796] [renderer1] [info] [remote-connection][Management   ][eae04…][reconnect] connecting to 127.0.0.1:39557...
[2021-06-02 10:57:48.797] [renderer1] [info] [remote-connection][ExtensionHost][bbefd…][reconnect] connecting to 127.0.0.1:39557...
[2021-06-02 10:57:55.840] [renderer1] [info] [remote-connection][Management   ][eae04…][reconnect] reconnected!
[2021-06-02 10:57:55.962] [renderer1] [info] [remote-connection][ExtensionHost][bbefd…][reconnect] reconnected!
[2021-06-02 10:57:56.161] [renderer1] [error] spawn ENOMEM: Error: spawn ENOMEM
	at ChildProcess.spawn (internal/child_process.js:394:11)
	at spawn (child_process.js:540:9)
	at Object.execFile (child_process.js:224:17)
	at Object.exec (child_process.js:145:25)
	at n (/root/.vscode-server/bin/ea3859d4ba2f3e577a159bc91e3074c5d85c0523/out/vs/server/remoteExtensionHostProcess.js:908:946)
	at new Promise (<anonymous>)
	at v.findCandidatePorts (/root/.vscode-server/bin/ea3859d4ba2f3e577a159bc91e3074c5d85c0523/out/vs/server/remoteExtensionHostProcess.js:908:928)
	at Timeout._onTimeout (/root/.vscode-server/bin/ea3859d4ba2f3e577a159bc91e3074c5d85c0523/out/vs/server/remoteExtensionHostProcess.js:907:482)
	at listOnTimeout (internal/timers.js:531:17)
	at processTimers (internal/timers.js:475:7)
[2021-06-02 10:57:57.984] [renderer1] [error] spawn ENOMEM: Error: spawn ENOMEM
	at ChildProcess.spawn (internal/child_process.js:394:11)
	at spawn (child_process.js:540:9)
	at Object.execFile (child_process.js:224:17)
	at Object.exec (child_process.js:145:25)
	at n (/root/.vscode-server/bin/ea3859d4ba2f3e577a159bc91e3074c5d85c0523/out/vs/server/remoteExtensionHostProcess.js:908:946)
	at new Promise (<anonymous>)
	at v.findCandidatePorts (/root/.vscode-server/bin/ea3859d4ba2f3e577a159bc91e3074c5d85c0523/out/vs/server/remoteExtensionHostProcess.js:908:928)
	at Timeout._onTimeout (/root/.vscode-server/bin/ea3859d4ba2f3e577a159bc91e3074c5d85c0523/out/vs/server/remoteExtensionHostProcess.js:907:482)
	at listOnTimeout (internal/timers.js:531:17)
	at processTimers (internal/timers.js:475:7)
[2021-06-02 10:57:58.992] [renderer1] [error] spawn ENOMEM: Error: spawn ENOMEM
	at ChildProcess.spawn (internal/child_process.js:394:11)
	at spawn (child_process.js:540:9)
	at Object.execFile (child_process.js:224:17)
	at Object.exec (child_process.js:145:25)
	at n (/root/.vscode-server/bin/ea3859d4ba2f3e577a159bc91e3074c5d85c0523/out/vs/server/remoteExtensionHostProcess.js:908:946)
	at new Promise (<anonymous>)
	at v.findCandidatePorts (/root/.vscode-server/bin/ea3859d4ba2f3e577a159bc91e3074c5d85c0523/out/vs/server/remoteExtensionHostProcess.js:908:928)
	at Timeout._onTimeout (/root/.vscode-server/bin/ea3859d4ba2f3e577a159bc91e3074c5d85c0523/out/vs/server/remoteExtensionHostProcess.js:907:482)
	at listOnTimeout (internal/timers.js:531:17)
	at processTimers (internal/timers.js:475:7)
[2021-06-02 10:58:01.372] [renderer1] [error] spawn ENOMEM: Error: spawn ENOMEM
	at ChildProcess.spawn (internal/child_process.js:394:11)
	at spawn (child_process.js:540:9)
	at Object.execFile (child_process.js:224:17)
	at Object.exec (child_process.js:145:25)
	at n (/root/.vscode-server/bin/ea3859d4ba2f3e577a159bc91e3074c5d85c0523/out/vs/server/remoteExtensionHostProcess.js:908:946)
	at new Promise (<anonymous>)
	at v.findCandidatePorts (/root/.vscode-server/bin/ea3859d4ba2f3e577a159bc91e3074c5d85c0523/out/vs/server/remoteExtensionHostProcess.js:908:928)
	at Timeout._onTimeout (/root/.vscode-server/bin/ea3859d4ba2f3e577a159bc91e3074c5d85c0523/out/vs/server/remoteExtensionHostProcess.js:907:482)
	at listOnTimeout (internal/timers.js:531:17)
	at processTimers (internal/timers.js:475:7)
[2021-06-02 10:58:03.349] [renderer1] [error] spawn ENOMEM: Error: spawn ENOMEM
	at ChildProcess.spawn (internal/child_process.js:394:11)
	at spawn (child_process.js:540:9)
	at Object.execFile (child_process.js:224:17)
	at Object.exec (child_process.js:145:25)
	at n (/root/.vscode-server/bin/ea3859d4ba2f3e577a159bc91e3074c5d85c0523/out/vs/server/remoteExtensionHostProcess.js:908:946)
	at new Promise (<anonymous>)
	at v.findCandidatePorts (/root/.vscode-server/bin/ea3859d4ba2f3e577a159bc91e3074c5d85c0523/out/vs/server/remoteExtensionHostProcess.js:908:928)
	at Timeout._onTimeout (/root/.vscode-server/bin/ea3859d4ba2f3e577a159bc91e3074c5d85c0523/out/vs/server/remoteExtensionHostProcess.js:907:482)
	at listOnTimeout (internal/timers.js:531:17)
	at processTimers (internal/timers.js:475:7)
[2021-06-02 10:58:07.120] [renderer1] [error] spawn ENOMEM: Error: spawn ENOMEM
	at ChildProcess.spawn (internal/child_process.js:394:11)
	at spawn (child_process.js:540:9)
	at Object.execFile (child_process.js:224:17)
	at Object.exec (child_process.js:145:25)
	at n (/root/.vscode-server/bin/ea3859d4ba2f3e577a159bc91e3074c5d85c0523/out/vs/server/remoteExtensionHostProcess.js:908:946)
	at new Promise (<anonymous>)
	at v.findCandidatePorts (/root/.vscode-server/bin/ea3859d4ba2f3e577a159bc91e3074c5d85c0523/out/vs/server/remoteExtensionHostProcess.js:908:928)
	at Timeout._onTimeout (/root/.vscode-server/bin/ea3859d4ba2f3e577a159bc91e3074c5d85c0523/out/vs/server/remoteExtensionHostProcess.js:907:482)
	at listOnTimeout (internal/timers.js:531:17)
	at processTimers (internal/timers.js:475:7)
[2021-06-02 10:58:09.261] [renderer1] [error] spawn ENOMEM: Error: spawn ENOMEM
	at ChildProcess.spawn (internal/child_process.js:394:11)
	at spawn (child_process.js:540:9)
	at Object.execFile (child_process.js:224:17)
	at Object.exec (child_process.js:145:25)
	at n (/root/.vscode-server/bin/ea3859d4ba2f3e577a159bc91e3074c5d85c0523/out/vs/server/remoteExtensionHostProcess.js:908:946)
	at new Promise (<anonymous>)
	at v.findCandidatePorts (/root/.vscode-server/bin/ea3859d4ba2f3e577a159bc91e3074c5d85c0523/out/vs/server/remoteExtensionHostProcess.js:908:928)
	at Timeout._onTimeout (/root/.vscode-server/bin/ea3859d4ba2f3e577a159bc91e3074c5d85c0523/out/vs/server/remoteExtensionHostProcess.js:907:482)
	at listOnTimeout (internal/timers.js:531:17)
	at processTimers (internal/timers.js:475:7)
[2021-06-02 10:58:10.262] [renderer1] [error] spawn ENOMEM: Error: spawn ENOMEM
	at ChildProcess.spawn (internal/child_process.js:394:11)
	at spawn (child_process.js:540:9)
	at Object.execFile (child_process.js:224:17)
	at Object.exec (child_process.js:145:25)
	at n (/root/.vscode-server/bin/ea3859d4ba2f3e577a159bc91e3074c5d85c0523/out/vs/server/remoteExtensionHostProcess.js:908:946)
	at new Promise (<anonymous>)
	at v.findCandidatePorts (/root/.vscode-server/bin/ea3859d4ba2f3e577a159bc91e3074c5d85c0523/out/vs/server/remoteExtensionHostProcess.js:908:928)
	at Timeout._onTimeout (/root/.vscode-server/bin/ea3859d4ba2f3e577a159bc91e3074c5d85c0523/out/vs/server/remoteExtensionHostProcess.js:907:482)
	at listOnTimeout (internal/timers.js:531:17)
	at processTimers (internal/timers.js:475:7)
[2021-06-02 10:58:12.290] [renderer1] [error] spawn ENOMEM: Error: spawn ENOMEM
	at ChildProcess.spawn (internal/child_process.js:394:11)
	at spawn (child_process.js:540:9)
	at Object.execFile (child_process.js:224:17)
	at Object.exec (child_process.js:145:25)
	at n (/root/.vscode-server/bin/ea3859d4ba2f3e577a159bc91e3074c5d85c0523/out/vs/server/remoteExtensionHostProcess.js:908:946)
	at new Promise (<anonymous>)
	at v.findCandidatePorts (/root/.vscode-server/bin/ea3859d4ba2f3e577a159bc91e3074c5d85c0523/out/vs/server/remoteExtensionHostProcess.js:908:928)
	at Timeout._onTimeout (/root/.vscode-server/bin/ea3859d4ba2f3e577a159bc91e3074c5d85c0523/out/vs/server/remoteExtensionHostProcess.js:907:482)
	at listOnTimeout (internal/timers.js:531:17)
	at processTimers (internal/timers.js:475:7)
[2021-06-02 10:58:14.559] [renderer1] [error] spawn ENOMEM: Error: spawn ENOMEM
	at ChildProcess.spawn (internal/child_process.js:394:11)
	at spawn (child_process.js:540:9)
	at Object.execFile (child_process.js:224:17)
	at Object.exec (child_process.js:145:25)
	at n (/root/.vscode-server/bin/ea3859d4ba2f3e577a159bc91e3074c5d85c0523/out/vs/server/remoteExtensionHostProcess.js:908:946)
	at new Promise (<anonymous>)
	at v.findCandidatePorts (/root/.vscode-server/bin/ea3859d4ba2f3e577a159bc91e3074c5d85c0523/out/vs/server/remoteExtensionHostProcess.js:908:928)
	at Timeout._onTimeout (/root/.vscode-server/bin/ea3859d4ba2f3e577a159bc91e3074c5d85c0523/out/vs/server/remoteExtensionHostProcess.js:907:482)
	at listOnTimeout (internal/timers.js:531:17)
	at processTimers (internal/timers.js:475:7)
[2021-06-02 10:58:16.265] [renderer1] [error] spawn ENOMEM: Error: spawn ENOMEM
	at ChildProcess.spawn (internal/child_process.js:394:11)
	at spawn (child_process.js:540:9)
	at Object.execFile (child_process.js:224:17)
	at Object.exec (child_process.js:145:25)
	at n (/root/.vscode-server/bin/ea3859d4ba2f3e577a159bc91e3074c5d85c0523/out/vs/server/remoteExtensionHostProcess.js:908:946)
	at new Promise (<anonymous>)
	at v.findCandidatePorts (/root/.vscode-server/bin/ea3859d4ba2f3e577a159bc91e3074c5d85c0523/out/vs/server/remoteExtensionHostProcess.js:908:928)
	at Timeout._onTimeout (/root/.vscode-server/bin/ea3859d4ba2f3e577a159bc91e3074c5d85c0523/out/vs/server/remoteExtensionHostProcess.js:907:482)
	at listOnTimeout (internal/timers.js:531:17)
	at processTimers (internal/timers.js:475:7)
[2021-06-02 10:58:18.786] [renderer1] [error] spawn ENOMEM: Error: spawn ENOMEM
	at ChildProcess.spawn (internal/child_process.js:394:11)
	at spawn (child_process.js:540:9)
	at Object.execFile (child_process.js:224:17)
	at Object.exec (child_process.js:145:25)
	at n (/root/.vscode-server/bin/ea3859d4ba2f3e577a159bc91e3074c5d85c0523/out/vs/server/remoteExtensionHostProcess.js:908:946)
	at new Promise (<anonymous>)
	at v.findCandidatePorts (/root/.vscode-server/bin/ea3859d4ba2f3e577a159bc91e3074c5d85c0523/out/vs/server/remoteExtensionHostProcess.js:908:928)
	at Timeout._onTimeout (/root/.vscode-server/bin/ea3859d4ba2f3e577a159bc91e3074c5d85c0523/out/vs/server/remoteExtensionHostProcess.js:907:482)
	at listOnTimeout (internal/timers.js:531:17)
	at processTimers (internal/timers.js:475:7)
[2021-06-02 10:58:21.742] [renderer1] [error] spawn ENOMEM: Error: spawn ENOMEM
	at ChildProcess.spawn (internal/child_process.js:394:11)
	at spawn (child_process.js:540:9)
	at Object.execFile (child_process.js:224:17)
	at Object.exec (child_process.js:145:25)
	at n (/root/.vscode-server/bin/ea3859d4ba2f3e577a159bc91e3074c5d85c0523/out/vs/server/remoteExtensionHostProcess.js:908:946)
	at new Promise (<anonymous>)
	at v.findCandidatePorts (/root/.vscode-server/bin/ea3859d4ba2f3e577a159bc91e3074c5d85c0523/out/vs/server/remoteExtensionHostProcess.js:908:928)
	at Timeout._onTimeout (/root/.vscode-server/bin/ea3859d4ba2f3e577a159bc91e3074c5d85c0523/out/vs/server/remoteExtensionHostProcess.js:907:482)
	at listOnTimeout (internal/timers.js:531:17)
	at processTimers (internal/timers.js:475:7)
[2021-06-02 11:09:13.003] [renderer1] [error] spawn ENOMEM: Error: spawn ENOMEM
	at ChildProcess.spawn (internal/child_process.js:394:11)
	at spawn (child_process.js:540:9)
	at Object.execFile (child_process.js:224:17)
	at Object.exec (child_process.js:145:25)
	at n (/root/.vscode-server/bin/ea3859d4ba2f3e577a159bc91e3074c5d85c0523/out/vs/server/remoteExtensionHostProcess.js:908:946)
	at new Promise (<anonymous>)
	at v.findCandidatePorts (/root/.vscode-server/bin/ea3859d4ba2f3e577a159bc91e3074c5d85c0523/out/vs/server/remoteExtensionHostProcess.js:908:928)
	at Timeout._onTimeout (/root/.vscode-server/bin/ea3859d4ba2f3e577a159bc91e3074c5d85c0523/out/vs/server/remoteExtensionHostProcess.js:907:482)
	at listOnTimeout (internal/timers.js:531:17)
	at processTimers (internal/timers.js:475:7)
[2021-06-02 11:14:37.562] [renderer1] [error] spawn ENOMEM: Error: spawn ENOMEM
	at ChildProcess.spawn (internal/child_process.js:394:11)
	at spawn (child_process.js:540:9)
	at Object.execFile (child_process.js:224:17)
	at Object.exec (child_process.js:145:25)
	at n (/root/.vscode-server/bin/ea3859d4ba2f3e577a159bc91e3074c5d85c0523/out/vs/server/remoteExtensionHostProcess.js:908:946)
	at new Promise (<anonymous>)
	at v.findCandidatePorts (/root/.vscode-server/bin/ea3859d4ba2f3e577a159bc91e3074c5d85c0523/out/vs/server/remoteExtensionHostProcess.js:908:928)
	at Timeout._onTimeout (/root/.vscode-server/bin/ea3859d4ba2f3e577a159bc91e3074c5d85c0523/out/vs/server/remoteExtensionHostProcess.js:907:482)
	at listOnTimeout (internal/timers.js:531:17)
	at processTimers (internal/timers.js:475:7)
[2021-06-02 11:14:53.660] [renderer1] [error] spawn ENOMEM: Error: spawn ENOMEM
	at ChildProcess.spawn (internal/child_process.js:394:11)
	at spawn (child_process.js:540:9)
	at Object.execFile (child_process.js:224:17)
	at Object.exec (child_process.js:145:25)
	at n (/root/.vscode-server/bin/ea3859d4ba2f3e577a159bc91e3074c5d85c0523/out/vs/server/remoteExtensionHostProcess.js:908:946)
	at new Promise (<anonymous>)
	at v.findCandidatePorts (/root/.vscode-server/bin/ea3859d4ba2f3e577a159bc91e3074c5d85c0523/out/vs/server/remoteExtensionHostProcess.js:908:928)
	at Timeout._onTimeout (/root/.vscode-server/bin/ea3859d4ba2f3e577a159bc91e3074c5d85c0523/out/vs/server/remoteExtensionHostProcess.js:907:482)
	at listOnTimeout (internal/timers.js:531:17)
	at processTimers (internal/timers.js:475:7)
[2021-06-02 11:15:31.645] [renderer1] [error] spawn ENOMEM: Error: spawn ENOMEM
	at ChildProcess.spawn (internal/child_process.js:394:11)
	at spawn (child_process.js:540:9)
	at Object.execFile (child_process.js:224:17)
	at Object.exec (child_process.js:145:25)
	at n (/root/.vscode-server/bin/ea3859d4ba2f3e577a159bc91e3074c5d85c0523/out/vs/server/remoteExtensionHostProcess.js:908:946)
	at new Promise (<anonymous>)
	at v.findCandidatePorts (/root/.vscode-server/bin/ea3859d4ba2f3e577a159bc91e3074c5d85c0523/out/vs/server/remoteExtensionHostProcess.js:908:928)
	at Timeout._onTimeout (/root/.vscode-server/bin/ea3859d4ba2f3e577a159bc91e3074c5d85c0523/out/vs/server/remoteExtensionHostProcess.js:907:482)
	at listOnTimeout (internal/timers.js:531:17)
	at processTimers (internal/timers.js:475:7)
[2021-06-02 11:23:57.808] [renderer1] [error] spawn ENOMEM: Error: spawn ENOMEM
	at ChildProcess.spawn (internal/child_process.js:394:11)
	at spawn (child_process.js:540:9)
	at Object.execFile (child_process.js:224:17)
	at Object.exec (child_process.js:145:25)
	at n (/root/.vscode-server/bin/ea3859d4ba2f3e577a159bc91e3074c5d85c0523/out/vs/server/remoteExtensionHostProcess.js:908:946)
	at new Promise (<anonymous>)
	at v.findCandidatePorts (/root/.vscode-server/bin/ea3859d4ba2f3e577a159bc91e3074c5d85c0523/out/vs/server/remoteExtensionHostProcess.js:908:928)
	at Timeout._onTimeout (/root/.vscode-server/bin/ea3859d4ba2f3e577a159bc91e3074c5d85c0523/out/vs/server/remoteExtensionHostProcess.js:907:482)
	at listOnTimeout (internal/timers.js:531:17)
	at processTimers (internal/timers.js:475:7)
[2021-06-02 11:25:15.995] [renderer1] [error] spawn ENOMEM: Error: spawn ENOMEM
	at ChildProcess.spawn (internal/child_process.js:394:11)
	at spawn (child_process.js:540:9)
	at Object.execFile (child_process.js:224:17)
	at Object.exec (child_process.js:145:25)
	at n (/root/.vscode-server/bin/ea3859d4ba2f3e577a159bc91e3074c5d85c0523/out/vs/server/remoteExtensionHostProcess.js:908:946)
	at new Promise (<anonymous>)
	at v.findCandidatePorts (/root/.vscode-server/bin/ea3859d4ba2f3e577a159bc91e3074c5d85c0523/out/vs/server/remoteExtensionHostProcess.js:908:928)
	at Timeout._onTimeout (/root/.vscode-server/bin/ea3859d4ba2f3e577a159bc91e3074c5d85c0523/out/vs/server/remoteExtensionHostProcess.js:907:482)
	at listOnTimeout (internal/timers.js:531:17)
	at processTimers (internal/timers.js:475:7)
[2021-06-02 11:25:49.705] [renderer1] [error] spawn ENOMEM: Error: spawn ENOMEM
	at ChildProcess.spawn (internal/child_process.js:394:11)
	at spawn (child_process.js:540:9)
	at Object.execFile (child_process.js:224:17)
	at Object.exec (child_process.js:145:25)
	at n (/root/.vscode-server/bin/ea3859d4ba2f3e577a159bc91e3074c5d85c0523/out/vs/server/remoteExtensionHostProcess.js:908:946)
	at new Promise (<anonymous>)
	at v.findCandidatePorts (/root/.vscode-server/bin/ea3859d4ba2f3e577a159bc91e3074c5d85c0523/out/vs/server/remoteExtensionHostProcess.js:908:928)
	at Timeout._onTimeout (/root/.vscode-server/bin/ea3859d4ba2f3e577a159bc91e3074c5d85c0523/out/vs/server/remoteExtensionHostProcess.js:907:482)
	at listOnTimeout (internal/timers.js:531:17)
	at processTimers (internal/timers.js:475:7)
[2021-06-02 11:26:01.229] [renderer1] [error] spawn ENOMEM: Error: spawn ENOMEM
	at ChildProcess.spawn (internal/child_process.js:394:11)
	at spawn (child_process.js:540:9)
	at Object.execFile (child_process.js:224:17)
	at Object.exec (child_process.js:145:25)
	at n (/root/.vscode-server/bin/ea3859d4ba2f3e577a159bc91e3074c5d85c0523/out/vs/server/remoteExtensionHostProcess.js:908:946)
	at new Promise (<anonymous>)
	at v.findCandidatePorts (/root/.vscode-server/bin/ea3859d4ba2f3e577a159bc91e3074c5d85c0523/out/vs/server/remoteExtensionHostProcess.js:908:928)
	at Timeout._onTimeout (/root/.vscode-server/bin/ea3859d4ba2f3e577a159bc91e3074c5d85c0523/out/vs/server/remoteExtensionHostProcess.js:907:482)
	at listOnTimeout (internal/timers.js:531:17)
	at processTimers (internal/timers.js:475:7)
[2021-06-02 11:27:25.430] [renderer1] [error] spawn ENOMEM: Error: spawn ENOMEM
	at ChildProcess.spawn (internal/child_process.js:394:11)
	at spawn (child_process.js:540:9)
	at Object.execFile (child_process.js:224:17)
	at Object.exec (child_process.js:145:25)
	at n (/root/.vscode-server/bin/ea3859d4ba2f3e577a159bc91e3074c5d85c0523/out/vs/server/remoteExtensionHostProcess.js:908:946)
	at new Promise (<anonymous>)
	at v.findCandidatePorts (/root/.vscode-server/bin/ea3859d4ba2f3e577a159bc91e3074c5d85c0523/out/vs/server/remoteExtensionHostProcess.js:908:928)
	at Timeout._onTimeout (/root/.vscode-server/bin/ea3859d4ba2f3e577a159bc91e3074c5d85c0523/out/vs/server/remoteExtensionHostProcess.js:907:482)
	at listOnTimeout (internal/timers.js:531:17)
	at processTimers (internal/timers.js:475:7)
[2021-06-02 11:28:09.581] [renderer1] [error] spawn ENOMEM: Error: spawn ENOMEM
	at ChildProcess.spawn (internal/child_process.js:394:11)
	at spawn (child_process.js:540:9)
	at Object.execFile (child_process.js:224:17)
	at Object.exec (child_process.js:145:25)
	at n (/root/.vscode-server/bin/ea3859d4ba2f3e577a159bc91e3074c5d85c0523/out/vs/server/remoteExtensionHostProcess.js:908:946)
	at new Promise (<anonymous>)
	at v.findCandidatePorts (/root/.vscode-server/bin/ea3859d4ba2f3e577a159bc91e3074c5d85c0523/out/vs/server/remoteExtensionHostProcess.js:908:928)
	at Timeout._onTimeout (/root/.vscode-server/bin/ea3859d4ba2f3e577a159bc91e3074c5d85c0523/out/vs/server/remoteExtensionHostProcess.js:907:482)
	at listOnTimeout (internal/timers.js:531:17)
	at processTimers (internal/timers.js:475:7)
[2021-06-02 11:28:11.527] [renderer1] [error] spawn ENOMEM: Error: spawn ENOMEM
	at ChildProcess.spawn (internal/child_process.js:394:11)
	at spawn (child_process.js:540:9)
	at Object.execFile (child_process.js:224:17)
	at Object.exec (child_process.js:145:25)
	at n (/root/.vscode-server/bin/ea3859d4ba2f3e577a159bc91e3074c5d85c0523/out/vs/server/remoteExtensionHostProcess.js:908:946)
	at new Promise (<anonymous>)
	at v.findCandidatePorts (/root/.vscode-server/bin/ea3859d4ba2f3e577a159bc91e3074c5d85c0523/out/vs/server/remoteExtensionHostProcess.js:908:928)
	at Timeout._onTimeout (/root/.vscode-server/bin/ea3859d4ba2f3e577a159bc91e3074c5d85c0523/out/vs/server/remoteExtensionHostProcess.js:907:482)
	at listOnTimeout (internal/timers.js:531:17)
	at processTimers (internal/timers.js:475:7)
[2021-06-02 11:34:31.703] [renderer1] [error] spawn ENOMEM: Error: spawn ENOMEM
	at ChildProcess.spawn (internal/child_process.js:394:11)
	at spawn (child_process.js:540:9)
	at Object.execFile (child_process.js:224:17)
	at Object.exec (child_process.js:145:25)
	at n (/root/.vscode-server/bin/ea3859d4ba2f3e577a159bc91e3074c5d85c0523/out/vs/server/remoteExtensionHostProcess.js:908:946)
	at new Promise (<anonymous>)
	at v.findCandidatePorts (/root/.vscode-server/bin/ea3859d4ba2f3e577a159bc91e3074c5d85c0523/out/vs/server/remoteExtensionHostProcess.js:908:928)
	at Timeout._onTimeout (/root/.vscode-server/bin/ea3859d4ba2f3e577a159bc91e3074c5d85c0523/out/vs/server/remoteExtensionHostProcess.js:907:482)
	at listOnTimeout (internal/timers.js:531:17)
	at processTimers (internal/timers.js:475:7)
[2021-06-02 11:35:01.511] [renderer1] [error] spawn ENOMEM: Error: spawn ENOMEM
	at ChildProcess.spawn (internal/child_process.js:394:11)
	at spawn (child_process.js:540:9)
	at Object.execFile (child_process.js:224:17)
	at Object.exec (child_process.js:145:25)
	at n (/root/.vscode-server/bin/ea3859d4ba2f3e577a159bc91e3074c5d85c0523/out/vs/server/remoteExtensionHostProcess.js:908:946)
	at new Promise (<anonymous>)
	at v.findCandidatePorts (/root/.vscode-server/bin/ea3859d4ba2f3e577a159bc91e3074c5d85c0523/out/vs/server/remoteExtensionHostProcess.js:908:928)
	at Timeout._onTimeout (/root/.vscode-server/bin/ea3859d4ba2f3e577a159bc91e3074c5d85c0523/out/vs/server/remoteExtensionHostProcess.js:907:482)
	at listOnTimeout (internal/timers.js:531:17)
	at processTimers (internal/timers.js:475:7)
[2021-06-02 11:36:19.834] [renderer1] [error] spawn ENOMEM: Error: spawn ENOMEM
	at ChildProcess.spawn (internal/child_process.js:394:11)
	at spawn (child_process.js:540:9)
	at Object.execFile (child_process.js:224:17)
	at Object.exec (child_process.js:145:25)
	at n (/root/.vscode-server/bin/ea3859d4ba2f3e577a159bc91e3074c5d85c0523/out/vs/server/remoteExtensionHostProcess.js:908:946)
	at new Promise (<anonymous>)
	at v.findCandidatePorts (/root/.vscode-server/bin/ea3859d4ba2f3e577a159bc91e3074c5d85c0523/out/vs/server/remoteExtensionHostProcess.js:908:928)
	at Timeout._onTimeout (/root/.vscode-server/bin/ea3859d4ba2f3e577a159bc91e3074c5d85c0523/out/vs/server/remoteExtensionHostProcess.js:907:482)
	at listOnTimeout (internal/timers.js:531:17)
	at processTimers (internal/timers.js:475:7)
[2021-06-02 11:36:23.756] [renderer1] [error] spawn ENOMEM: Error: spawn ENOMEM
	at ChildProcess.spawn (internal/child_process.js:394:11)
	at spawn (child_process.js:540:9)
	at Object.execFile (child_process.js:224:17)
	at Object.exec (child_process.js:145:25)
	at n (/root/.vscode-server/bin/ea3859d4ba2f3e577a159bc91e3074c5d85c0523/out/vs/server/remoteExtensionHostProcess.js:908:946)
	at new Promise (<anonymous>)
	at v.findCandidatePorts (/root/.vscode-server/bin/ea3859d4ba2f3e577a159bc91e3074c5d85c0523/out/vs/server/remoteExtensionHostProcess.js:908:928)
	at Timeout._onTimeout (/root/.vscode-server/bin/ea3859d4ba2f3e577a159bc91e3074c5d85c0523/out/vs/server/remoteExtensionHostProcess.js:907:482)
	at listOnTimeout (internal/timers.js:531:17)
	at processTimers (internal/timers.js:475:7)
[2021-06-02 11:36:25.769] [renderer1] [error] spawn ENOMEM: Error: spawn ENOMEM
	at ChildProcess.spawn (internal/child_process.js:394:11)
	at spawn (child_process.js:540:9)
	at Object.execFile (child_process.js:224:17)
	at Object.exec (child_process.js:145:25)
	at n (/root/.vscode-server/bin/ea3859d4ba2f3e577a159bc91e3074c5d85c0523/out/vs/server/remoteExtensionHostProcess.js:908:946)
	at new Promise (<anonymous>)
	at v.findCandidatePorts (/root/.vscode-server/bin/ea3859d4ba2f3e577a159bc91e3074c5d85c0523/out/vs/server/remoteExtensionHostProcess.js:908:928)
	at Timeout._onTimeout (/root/.vscode-server/bin/ea3859d4ba2f3e577a159bc91e3074c5d85c0523/out/vs/server/remoteExtensionHostProcess.js:907:482)
	at listOnTimeout (internal/timers.js:531:17)
	at processTimers (internal/timers.js:475:7)
[2021-06-02 11:36:40.139] [renderer1] [error] spawn ENOMEM: Error: spawn ENOMEM
	at ChildProcess.spawn (internal/child_process.js:394:11)
	at spawn (child_process.js:540:9)
	at Object.execFile (child_process.js:224:17)
	at Object.exec (child_process.js:145:25)
	at n (/root/.vscode-server/bin/ea3859d4ba2f3e577a159bc91e3074c5d85c0523/out/vs/server/remoteExtensionHostProcess.js:908:946)
	at new Promise (<anonymous>)
	at v.findCandidatePorts (/root/.vscode-server/bin/ea3859d4ba2f3e577a159bc91e3074c5d85c0523/out/vs/server/remoteExtensionHostProcess.js:908:928)
	at Timeout._onTimeout (/root/.vscode-server/bin/ea3859d4ba2f3e577a159bc91e3074c5d85c0523/out/vs/server/remoteExtensionHostProcess.js:907:482)
	at listOnTimeout (internal/timers.js:531:17)
	at processTimers (internal/timers.js:475:7)
[2021-06-02 11:36:58.113] [renderer1] [error] spawn ENOMEM: Error: spawn ENOMEM
	at ChildProcess.spawn (internal/child_process.js:394:11)
	at spawn (child_process.js:540:9)
	at Object.execFile (child_process.js:224:17)
	at Object.exec (child_process.js:145:25)
	at n (/root/.vscode-server/bin/ea3859d4ba2f3e577a159bc91e3074c5d85c0523/out/vs/server/remoteExtensionHostProcess.js:908:946)
	at new Promise (<anonymous>)
	at v.findCandidatePorts (/root/.vscode-server/bin/ea3859d4ba2f3e577a159bc91e3074c5d85c0523/out/vs/server/remoteExtensionHostProcess.js:908:928)
	at Timeout._onTimeout (/root/.vscode-server/bin/ea3859d4ba2f3e577a159bc91e3074c5d85c0523/out/vs/server/remoteExtensionHostProcess.js:907:482)
	at listOnTimeout (internal/timers.js:531:17)
	at processTimers (internal/timers.js:475:7)
[2021-06-02 11:36:59.180] [renderer1] [error] spawn ENOMEM: Error: spawn ENOMEM
	at ChildProcess.spawn (internal/child_process.js:394:11)
	at spawn (child_process.js:540:9)
	at Object.execFile (child_process.js:224:17)
	at Object.exec (child_process.js:145:25)
	at n (/root/.vscode-server/bin/ea3859d4ba2f3e577a159bc91e3074c5d85c0523/out/vs/server/remoteExtensionHostProcess.js:908:946)
	at new Promise (<anonymous>)
	at v.findCandidatePorts (/root/.vscode-server/bin/ea3859d4ba2f3e577a159bc91e3074c5d85c0523/out/vs/server/remoteExtensionHostProcess.js:908:928)
	at Timeout._onTimeout (/root/.vscode-server/bin/ea3859d4ba2f3e577a159bc91e3074c5d85c0523/out/vs/server/remoteExtensionHostProcess.js:907:482)
	at listOnTimeout (internal/timers.js:531:17)
	at processTimers (internal/timers.js:475:7)
[2021-06-02 11:37:09.246] [renderer1] [error] spawn ENOMEM: Error: spawn ENOMEM
	at ChildProcess.spawn (internal/child_process.js:394:11)
	at spawn (child_process.js:540:9)
	at Object.execFile (child_process.js:224:17)
	at Object.exec (child_process.js:145:25)
	at n (/root/.vscode-server/bin/ea3859d4ba2f3e577a159bc91e3074c5d85c0523/out/vs/server/remoteExtensionHostProcess.js:908:946)
	at new Promise (<anonymous>)
	at v.findCandidatePorts (/root/.vscode-server/bin/ea3859d4ba2f3e577a159bc91e3074c5d85c0523/out/vs/server/remoteExtensionHostProcess.js:908:928)
	at Timeout._onTimeout (/root/.vscode-server/bin/ea3859d4ba2f3e577a159bc91e3074c5d85c0523/out/vs/server/remoteExtensionHostProcess.js:907:482)
	at listOnTimeout (internal/timers.js:531:17)
	at processTimers (internal/timers.js:475:7)
[2021-06-02 11:37:27.339] [renderer1] [error] spawn ENOMEM: Error: spawn ENOMEM
	at ChildProcess.spawn (internal/child_process.js:394:11)
	at spawn (child_process.js:540:9)
	at Object.execFile (child_process.js:224:17)
	at Object.exec (child_process.js:145:25)
	at n (/root/.vscode-server/bin/ea3859d4ba2f3e577a159bc91e3074c5d85c0523/out/vs/server/remoteExtensionHostProcess.js:908:946)
	at new Promise (<anonymous>)
	at v.findCandidatePorts (/root/.vscode-server/bin/ea3859d4ba2f3e577a159bc91e3074c5d85c0523/out/vs/server/remoteExtensionHostProcess.js:908:928)
	at Timeout._onTimeout (/root/.vscode-server/bin/ea3859d4ba2f3e577a159bc91e3074c5d85c0523/out/vs/server/remoteExtensionHostProcess.js:907:482)
	at listOnTimeout (internal/timers.js:531:17)
	at processTimers (internal/timers.js:475:7)
[2021-06-02 11:38:20.427] [renderer1] [error] spawn ENOMEM: Error: spawn ENOMEM
	at ChildProcess.spawn (internal/child_process.js:394:11)
	at spawn (child_process.js:540:9)
	at Object.execFile (child_process.js:224:17)
	at Object.exec (child_process.js:145:25)
	at n (/root/.vscode-server/bin/ea3859d4ba2f3e577a159bc91e3074c5d85c0523/out/vs/server/remoteExtensionHostProcess.js:908:946)
	at new Promise (<anonymous>)
	at v.findCandidatePorts (/root/.vscode-server/bin/ea3859d4ba2f3e577a159bc91e3074c5d85c0523/out/vs/server/remoteExtensionHostProcess.js:908:928)
	at Timeout._onTimeout (/root/.vscode-server/bin/ea3859d4ba2f3e577a159bc91e3074c5d85c0523/out/vs/server/remoteExtensionHostProcess.js:907:482)
	at listOnTimeout (internal/timers.js:531:17)
	at processTimers (internal/timers.js:475:7)
[2021-06-02 11:38:21.571] [renderer1] [error] spawn ENOMEM: Error: spawn ENOMEM
	at ChildProcess.spawn (internal/child_process.js:394:11)
	at spawn (child_process.js:540:9)
	at Object.execFile (child_process.js:224:17)
	at Object.exec (child_process.js:145:25)
	at n (/root/.vscode-server/bin/ea3859d4ba2f3e577a159bc91e3074c5d85c0523/out/vs/server/remoteExtensionHostProcess.js:908:946)
	at new Promise (<anonymous>)
	at v.findCandidatePorts (/root/.vscode-server/bin/ea3859d4ba2f3e577a159bc91e3074c5d85c0523/out/vs/server/remoteExtensionHostProcess.js:908:928)
	at Timeout._onTimeout (/root/.vscode-server/bin/ea3859d4ba2f3e577a159bc91e3074c5d85c0523/out/vs/server/remoteExtensionHostProcess.js:907:482)
	at listOnTimeout (internal/timers.js:531:17)
	at processTimers (internal/timers.js:475:7)
[2021-06-02 11:38:23.469] [renderer1] [error] spawn ENOMEM: Error: spawn ENOMEM
	at ChildProcess.spawn (internal/child_process.js:394:11)
	at spawn (child_process.js:540:9)
	at Object.execFile (child_process.js:224:17)
	at Object.exec (child_process.js:145:25)
	at n (/root/.vscode-server/bin/ea3859d4ba2f3e577a159bc91e3074c5d85c0523/out/vs/server/remoteExtensionHostProcess.js:908:946)
	at new Promise (<anonymous>)
	at v.findCandidatePorts (/root/.vscode-server/bin/ea3859d4ba2f3e577a159bc91e3074c5d85c0523/out/vs/server/remoteExtensionHostProcess.js:908:928)
	at Timeout._onTimeout (/root/.vscode-server/bin/ea3859d4ba2f3e577a159bc91e3074c5d85c0523/out/vs/server/remoteExtensionHostProcess.js:907:482)
	at listOnTimeout (internal/timers.js:531:17)
	at processTimers (internal/timers.js:475:7)
[2021-06-02 11:38:53.583] [renderer1] [error] spawn ENOMEM: Error: spawn ENOMEM
	at ChildProcess.spawn (internal/child_process.js:394:11)
	at spawn (child_process.js:540:9)
	at Object.execFile (child_process.js:224:17)
	at Object.exec (child_process.js:145:25)
	at n (/root/.vscode-server/bin/ea3859d4ba2f3e577a159bc91e3074c5d85c0523/out/vs/server/remoteExtensionHostProcess.js:908:946)
	at new Promise (<anonymous>)
	at v.findCandidatePorts (/root/.vscode-server/bin/ea3859d4ba2f3e577a159bc91e3074c5d85c0523/out/vs/server/remoteExtensionHostProcess.js:908:928)
	at Timeout._onTimeout (/root/.vscode-server/bin/ea3859d4ba2f3e577a159bc91e3074c5d85c0523/out/vs/server/remoteExtensionHostProcess.js:907:482)
	at listOnTimeout (internal/timers.js:531:17)
	at processTimers (internal/timers.js:475:7)
[2021-06-02 11:38:55.622] [renderer1] [error] spawn ENOMEM: Error: spawn ENOMEM
	at ChildProcess.spawn (internal/child_process.js:394:11)
	at spawn (child_process.js:540:9)
	at Object.execFile (child_process.js:224:17)
	at Object.exec (child_process.js:145:25)
	at n (/root/.vscode-server/bin/ea3859d4ba2f3e577a159bc91e3074c5d85c0523/out/vs/server/remoteExtensionHostProcess.js:908:946)
	at new Promise (<anonymous>)
	at v.findCandidatePorts (/root/.vscode-server/bin/ea3859d4ba2f3e577a159bc91e3074c5d85c0523/out/vs/server/remoteExtensionHostProcess.js:908:928)
	at Timeout._onTimeout (/root/.vscode-server/bin/ea3859d4ba2f3e577a159bc91e3074c5d85c0523/out/vs/server/remoteExtensionHostProcess.js:907:482)
	at listOnTimeout (internal/timers.js:531:17)
	at processTimers (internal/timers.js:475:7)
[2021-06-02 11:39:31.722] [renderer1] [error] spawn ENOMEM: Error: spawn ENOMEM
	at ChildProcess.spawn (internal/child_process.js:394:11)
	at spawn (child_process.js:540:9)
	at Object.execFile (child_process.js:224:17)
	at Object.exec (child_process.js:145:25)
	at n (/root/.vscode-server/bin/ea3859d4ba2f3e577a159bc91e3074c5d85c0523/out/vs/server/remoteExtensionHostProcess.js:908:946)
	at new Promise (<anonymous>)
	at v.findCandidatePorts (/root/.vscode-server/bin/ea3859d4ba2f3e577a159bc91e3074c5d85c0523/out/vs/server/remoteExtensionHostProcess.js:908:928)
	at Timeout._onTimeout (/root/.vscode-server/bin/ea3859d4ba2f3e577a159bc91e3074c5d85c0523/out/vs/server/remoteExtensionHostProcess.js:907:482)
	at listOnTimeout (internal/timers.js:531:17)
	at processTimers (internal/timers.js:475:7)
[2021-06-02 11:39:37.105] [renderer1] [error] spawn ENOMEM: Error: spawn ENOMEM
	at ChildProcess.spawn (internal/child_process.js:394:11)
	at spawn (child_process.js:540:9)
	at Object.execFile (child_process.js:224:17)
	at Object.exec (child_process.js:145:25)
	at n (/root/.vscode-server/bin/ea3859d4ba2f3e577a159bc91e3074c5d85c0523/out/vs/server/remoteExtensionHostProcess.js:908:946)
	at new Promise (<anonymous>)
	at v.findCandidatePorts (/root/.vscode-server/bin/ea3859d4ba2f3e577a159bc91e3074c5d85c0523/out/vs/server/remoteExtensionHostProcess.js:908:928)
	at Timeout._onTimeout (/root/.vscode-server/bin/ea3859d4ba2f3e577a159bc91e3074c5d85c0523/out/vs/server/remoteExtensionHostProcess.js:907:482)
	at listOnTimeout (internal/timers.js:531:17)
	at processTimers (internal/timers.js:475:7)
[2021-06-02 11:39:57.111] [renderer1] [info] [remote-connection][ExtensionHost][bbefd…][reconnect] starting reconnecting loop. You can get more information with the trace log level.
[2021-06-02 11:39:57.111] [renderer1] [info] [remote-connection][ExtensionHost][bbefd…][reconnect] waiting for 5 seconds before reconnecting...
[2021-06-02 11:40:02.111] [renderer1] [info] [remote-connection][ExtensionHost][bbefd…][reconnect] resolving connection...
[2021-06-02 11:40:02.111] [renderer1] [info] [remote-connection][ExtensionHost][bbefd…][reconnect] connecting to 127.0.0.1:39557...
[2021-06-02 11:40:02.127] [renderer1] [error] spawn ENOMEM: Error: spawn ENOMEM
	at ChildProcess.spawn (internal/child_process.js:394:11)
	at spawn (child_process.js:540:9)
	at Object.execFile (child_process.js:224:17)
	at Object.exec (child_process.js:145:25)
	at n (/root/.vscode-server/bin/ea3859d4ba2f3e577a159bc91e3074c5d85c0523/out/vs/server/remoteExtensionHostProcess.js:908:946)
	at new Promise (<anonymous>)
	at v.findCandidatePorts (/root/.vscode-server/bin/ea3859d4ba2f3e577a159bc91e3074c5d85c0523/out/vs/server/remoteExtensionHostProcess.js:908:928)
	at Timeout._onTimeout (/root/.vscode-server/bin/ea3859d4ba2f3e577a159bc91e3074c5d85c0523/out/vs/server/remoteExtensionHostProcess.js:907:482)
	at listOnTimeout (internal/timers.js:531:17)
	at processTimers (internal/timers.js:475:7)
[2021-06-02 11:40:02.358] [renderer1] [info] [remote-connection][ExtensionHost][bbefd…][reconnect] reconnected!
[2021-06-02 11:40:07.125] [renderer1] [error] spawn ENOMEM: Error: spawn ENOMEM
	at ChildProcess.spawn (internal/child_process.js:394:11)
	at spawn (child_process.js:540:9)
	at Object.execFile (child_process.js:224:17)
	at Object.exec (child_process.js:145:25)
	at n (/root/.vscode-server/bin/ea3859d4ba2f3e577a159bc91e3074c5d85c0523/out/vs/server/remoteExtensionHostProcess.js:908:946)
	at new Promise (<anonymous>)
	at v.findCandidatePorts (/root/.vscode-server/bin/ea3859d4ba2f3e577a159bc91e3074c5d85c0523/out/vs/server/remoteExtensionHostProcess.js:908:928)
	at Timeout._onTimeout (/root/.vscode-server/bin/ea3859d4ba2f3e577a159bc91e3074c5d85c0523/out/vs/server/remoteExtensionHostProcess.js:907:482)
	at listOnTimeout (internal/timers.js:531:17)
	at processTimers (internal/timers.js:475:7)
[2021-06-02 11:40:08.183] [renderer1] [error] spawn ENOMEM: Error: spawn ENOMEM
	at ChildProcess.spawn (internal/child_process.js:394:11)
	at spawn (child_process.js:540:9)
	at Object.execFile (child_process.js:224:17)
	at Object.exec (child_process.js:145:25)
	at n (/root/.vscode-server/bin/ea3859d4ba2f3e577a159bc91e3074c5d85c0523/out/vs/server/remoteExtensionHostProcess.js:908:946)
	at new Promise (<anonymous>)
	at v.findCandidatePorts (/root/.vscode-server/bin/ea3859d4ba2f3e577a159bc91e3074c5d85c0523/out/vs/server/remoteExtensionHostProcess.js:908:928)
	at Timeout._onTimeout (/root/.vscode-server/bin/ea3859d4ba2f3e577a159bc91e3074c5d85c0523/out/vs/server/remoteExtensionHostProcess.js:907:482)
	at listOnTimeout (internal/timers.js:531:17)
	at processTimers (internal/timers.js:475:7)
[2021-06-02 11:40:11.830] [renderer1] [error] spawn ENOMEM: Error: spawn ENOMEM
	at ChildProcess.spawn (internal/child_process.js:394:11)
	at spawn (child_process.js:540:9)
	at Object.execFile (child_process.js:224:17)
	at Object.exec (child_process.js:145:25)
	at n (/root/.vscode-server/bin/ea3859d4ba2f3e577a159bc91e3074c5d85c0523/out/vs/server/remoteExtensionHostProcess.js:908:946)
	at new Promise (<anonymous>)
	at v.findCandidatePorts (/root/.vscode-server/bin/ea3859d4ba2f3e577a159bc91e3074c5d85c0523/out/vs/server/remoteExtensionHostProcess.js:908:928)
	at Timeout._onTimeout (/root/.vscode-server/bin/ea3859d4ba2f3e577a159bc91e3074c5d85c0523/out/vs/server/remoteExtensionHostProcess.js:907:482)
	at listOnTimeout (internal/timers.js:531:17)
	at processTimers (internal/timers.js:475:7)
[2021-06-02 11:42:36.782] [renderer1] [error] spawn ENOMEM: Error: spawn ENOMEM
	at ChildProcess.spawn (internal/child_process.js:394:11)
	at spawn (child_process.js:540:9)
	at Object.execFile (child_process.js:224:17)
	at Object.exec (child_process.js:145:25)
	at n (/root/.vscode-server/bin/ea3859d4ba2f3e577a159bc91e3074c5d85c0523/out/vs/server/remoteExtensionHostProcess.js:908:946)
	at new Promise (<anonymous>)
	at v.findCandidatePorts (/root/.vscode-server/bin/ea3859d4ba2f3e577a159bc91e3074c5d85c0523/out/vs/server/remoteExtensionHostProcess.js:908:928)
	at Timeout._onTimeout (/root/.vscode-server/bin/ea3859d4ba2f3e577a159bc91e3074c5d85c0523/out/vs/server/remoteExtensionHostProcess.js:907:482)
	at listOnTimeout (internal/timers.js:531:17)
	at processTimers (internal/timers.js:475:7)
[2021-06-02 11:42:38.799] [renderer1] [error] spawn ENOMEM: Error: spawn ENOMEM
	at ChildProcess.spawn (internal/child_process.js:394:11)
	at spawn (child_process.js:540:9)
	at Object.execFile (child_process.js:224:17)
	at Object.exec (child_process.js:145:25)
	at n (/root/.vscode-server/bin/ea3859d4ba2f3e577a159bc91e3074c5d85c0523/out/vs/server/remoteExtensionHostProcess.js:908:946)
	at new Promise (<anonymous>)
	at v.findCandidatePorts (/root/.vscode-server/bin/ea3859d4ba2f3e577a159bc91e3074c5d85c0523/out/vs/server/remoteExtensionHostProcess.js:908:928)
	at Timeout._onTimeout (/root/.vscode-server/bin/ea3859d4ba2f3e577a159bc91e3074c5d85c0523/out/vs/server/remoteExtensionHostProcess.js:907:482)
	at listOnTimeout (internal/timers.js:531:17)
	at processTimers (internal/timers.js:475:7)
[2021-06-02 11:45:42.894] [renderer1] [error] spawn ENOMEM: Error: spawn ENOMEM
	at ChildProcess.spawn (internal/child_process.js:394:11)
	at spawn (child_process.js:540:9)
	at Object.execFile (child_process.js:224:17)
	at Object.exec (child_process.js:145:25)
	at n (/root/.vscode-server/bin/ea3859d4ba2f3e577a159bc91e3074c5d85c0523/out/vs/server/remoteExtensionHostProcess.js:908:946)
	at new Promise (<anonymous>)
	at v.findCandidatePorts (/root/.vscode-server/bin/ea3859d4ba2f3e577a159bc91e3074c5d85c0523/out/vs/server/remoteExtensionHostProcess.js:908:928)
	at Timeout._onTimeout (/root/.vscode-server/bin/ea3859d4ba2f3e577a159bc91e3074c5d85c0523/out/vs/server/remoteExtensionHostProcess.js:907:482)
	at listOnTimeout (internal/timers.js:531:17)
	at processTimers (internal/timers.js:475:7)
[2021-06-02 11:48:04.534] [renderer1] [error] spawn ENOMEM: Error: spawn ENOMEM
	at ChildProcess.spawn (internal/child_process.js:394:11)
	at spawn (child_process.js:540:9)
	at Object.execFile (child_process.js:224:17)
	at Object.exec (child_process.js:145:25)
	at n (/root/.vscode-server/bin/ea3859d4ba2f3e577a159bc91e3074c5d85c0523/out/vs/server/remoteExtensionHostProcess.js:908:946)
	at new Promise (<anonymous>)
	at v.findCandidatePorts (/root/.vscode-server/bin/ea3859d4ba2f3e577a159bc91e3074c5d85c0523/out/vs/server/remoteExtensionHostProcess.js:908:928)
	at Timeout._onTimeout (/root/.vscode-server/bin/ea3859d4ba2f3e577a159bc91e3074c5d85c0523/out/vs/server/remoteExtensionHostProcess.js:907:482)
	at listOnTimeout (internal/timers.js:531:17)
	at processTimers (internal/timers.js:475:7)
[2021-06-02 11:48:52.144] [renderer1] [error] spawn ENOMEM: Error: spawn ENOMEM
	at ChildProcess.spawn (internal/child_process.js:394:11)
	at spawn (child_process.js:540:9)
	at Object.execFile (child_process.js:224:17)
	at Object.exec (child_process.js:145:25)
	at n (/root/.vscode-server/bin/ea3859d4ba2f3e577a159bc91e3074c5d85c0523/out/vs/server/remoteExtensionHostProcess.js:908:946)
	at new Promise (<anonymous>)
	at v.findCandidatePorts (/root/.vscode-server/bin/ea3859d4ba2f3e577a159bc91e3074c5d85c0523/out/vs/server/remoteExtensionHostProcess.js:908:928)
	at Timeout._onTimeout (/root/.vscode-server/bin/ea3859d4ba2f3e577a159bc91e3074c5d85c0523/out/vs/server/remoteExtensionHostProcess.js:907:482)
	at listOnTimeout (internal/timers.js:531:17)
	at processTimers (internal/timers.js:475:7)
[2021-06-02 11:49:39.421] [renderer1] [info] [remote-connection][ExtensionHost][bbefd…][reconnect] starting reconnecting loop. You can get more information with the trace log level.
[2021-06-02 11:49:39.422] [renderer1] [info] [remote-connection][ExtensionHost][bbefd…][reconnect] waiting for 5 seconds before reconnecting...
[2021-06-02 11:49:44.422] [renderer1] [info] [remote-connection][ExtensionHost][bbefd…][reconnect] resolving connection...
[2021-06-02 11:49:44.422] [renderer1] [info] [remote-connection][ExtensionHost][bbefd…][reconnect] connecting to 127.0.0.1:39557...
[2021-06-02 11:50:02.820] [renderer1] [info] [remote-connection][ExtensionHost][bbefd…][reconnect] reconnected!
[2021-06-02 11:50:04.871] [renderer1] [error] spawn ENOMEM: Error: spawn ENOMEM
	at ChildProcess.spawn (internal/child_process.js:394:11)
	at spawn (child_process.js:540:9)
	at Object.execFile (child_process.js:224:17)
	at Object.exec (child_process.js:145:25)
	at n (/root/.vscode-server/bin/ea3859d4ba2f3e577a159bc91e3074c5d85c0523/out/vs/server/remoteExtensionHostProcess.js:908:946)
	at new Promise (<anonymous>)
	at v.findCandidatePorts (/root/.vscode-server/bin/ea3859d4ba2f3e577a159bc91e3074c5d85c0523/out/vs/server/remoteExtensionHostProcess.js:908:928)
	at Timeout._onTimeout (/root/.vscode-server/bin/ea3859d4ba2f3e577a159bc91e3074c5d85c0523/out/vs/server/remoteExtensionHostProcess.js:907:482)
	at listOnTimeout (internal/timers.js:531:17)
	at processTimers (internal/timers.js:475:7)
[2021-06-02 11:50:10.816] [renderer1] [error] TreeError [FileExplorer] Data tree node not found: [object Object]: Error: TreeError [FileExplorer] Data tree node not found: [object Object]
    at j.getDataNode (file:///opt/visual-studio-code/resources/app/out/vs/workbench/workbench.desktop.main.js:1079:184)
    at j._updateChildren (file:///opt/visual-studio-code/resources/app/out/vs/workbench/workbench.desktop.main.js:1076:478)
    at async j.updateChildren (file:///opt/visual-studio-code/resources/app/out/vs/workbench/workbench.desktop.main.js:1076:184)
    at async e.setEditable (file:///opt/visual-studio-code/resources/app/out/vs/workbench/workbench.desktop.main.js:7723:367)
    at async e.setEditable (file:///opt/visual-studio-code/resources/app/out/vs/workbench/workbench.desktop.main.js:6140:144)
    at async Object.onFinish (file:///opt/visual-studio-code/resources/app/out/vs/workbench/workbench.desktop.main.js:7666:36)
[2021-06-02 11:52:22.031] [renderer1] [error] spawn ENOMEM: Error: spawn ENOMEM
	at ChildProcess.spawn (internal/child_process.js:394:11)
	at spawn (child_process.js:540:9)
	at Object.execFile (child_process.js:224:17)
	at Object.exec (child_process.js:145:25)
	at n (/root/.vscode-server/bin/ea3859d4ba2f3e577a159bc91e3074c5d85c0523/out/vs/server/remoteExtensionHostProcess.js:908:946)
	at new Promise (<anonymous>)
	at v.findCandidatePorts (/root/.vscode-server/bin/ea3859d4ba2f3e577a159bc91e3074c5d85c0523/out/vs/server/remoteExtensionHostProcess.js:908:928)
	at Timeout._onTimeout (/root/.vscode-server/bin/ea3859d4ba2f3e577a159bc91e3074c5d85c0523/out/vs/server/remoteExtensionHostProcess.js:907:482)
	at listOnTimeout (internal/timers.js:531:17)
	at processTimers (internal/timers.js:475:7)
[2021-06-02 11:52:26.739] [renderer1] [error] spawn ENOMEM: Error: spawn ENOMEM
	at ChildProcess.spawn (internal/child_process.js:394:11)
	at spawn (child_process.js:540:9)
	at Object.execFile (child_process.js:224:17)
	at Object.exec (child_process.js:145:25)
	at n (/root/.vscode-server/bin/ea3859d4ba2f3e577a159bc91e3074c5d85c0523/out/vs/server/remoteExtensionHostProcess.js:908:946)
	at new Promise (<anonymous>)
	at v.findCandidatePorts (/root/.vscode-server/bin/ea3859d4ba2f3e577a159bc91e3074c5d85c0523/out/vs/server/remoteExtensionHostProcess.js:908:928)
	at Timeout._onTimeout (/root/.vscode-server/bin/ea3859d4ba2f3e577a159bc91e3074c5d85c0523/out/vs/server/remoteExtensionHostProcess.js:907:482)
	at listOnTimeout (internal/timers.js:531:17)
	at processTimers (internal/timers.js:475:7)
[2021-06-02 11:52:33.597] [renderer1] [error] spawn ENOMEM: Error: spawn ENOMEM
	at ChildProcess.spawn (internal/child_process.js:394:11)
	at spawn (child_process.js:540:9)
	at Object.execFile (child_process.js:224:17)
	at Object.exec (child_process.js:145:25)
	at n (/root/.vscode-server/bin/ea3859d4ba2f3e577a159bc91e3074c5d85c0523/out/vs/server/remoteExtensionHostProcess.js:908:946)
	at new Promise (<anonymous>)
	at v.findCandidatePorts (/root/.vscode-server/bin/ea3859d4ba2f3e577a159bc91e3074c5d85c0523/out/vs/server/remoteExtensionHostProcess.js:908:928)
	at Timeout._onTimeout (/root/.vscode-server/bin/ea3859d4ba2f3e577a159bc91e3074c5d85c0523/out/vs/server/remoteExtensionHostProcess.js:907:482)
	at listOnTimeout (internal/timers.js:531:17)
	at processTimers (internal/timers.js:475:7)
[2021-06-02 11:52:45.775] [renderer1] [warning] {}
[2021-06-02 11:52:54.231] [renderer1] [info] [remote-connection][ExtensionHost][bbefd…][reconnect] starting reconnecting loop. You can get more information with the trace log level.
[2021-06-02 11:52:54.231] [renderer1] [info] [remote-connection][ExtensionHost][bbefd…][reconnect] waiting for 5 seconds before reconnecting...
[2021-06-02 11:52:59.231] [renderer1] [info] [remote-connection][ExtensionHost][bbefd…][reconnect] resolving connection...
[2021-06-02 11:52:59.232] [renderer1] [info] [remote-connection][ExtensionHost][bbefd…][reconnect] connecting to 127.0.0.1:39557...
[2021-06-02 11:53:08.843] [renderer1] [info] [remote-connection][ExtensionHost][bbefd…][reconnect] reconnected!
[2021-06-02 11:53:10.597] [renderer1] [warning] {}
[2021-06-02 11:53:27.933] [renderer1] [error] spawn ENOMEM: Error: spawn ENOMEM
	at ChildProcess.spawn (internal/child_process.js:394:11)
	at spawn (child_process.js:540:9)
	at Object.execFile (child_process.js:224:17)
	at Object.exec (child_process.js:145:25)
	at n (/root/.vscode-server/bin/ea3859d4ba2f3e577a159bc91e3074c5d85c0523/out/vs/server/remoteExtensionHostProcess.js:908:946)
	at new Promise (<anonymous>)
	at v.findCandidatePorts (/root/.vscode-server/bin/ea3859d4ba2f3e577a159bc91e3074c5d85c0523/out/vs/server/remoteExtensionHostProcess.js:908:928)
	at Timeout._onTimeout (/root/.vscode-server/bin/ea3859d4ba2f3e577a159bc91e3074c5d85c0523/out/vs/server/remoteExtensionHostProcess.js:907:482)
	at listOnTimeout (internal/timers.js:531:17)
	at processTimers (internal/timers.js:475:7)
[2021-06-02 11:53:27.934] [renderer1] [error] Cannot call write after a stream was destroyed: Error [ERR_STREAM_DESTROYED]: Cannot call write after a stream was destroyed
	at doWrite (_stream_writable.js:431:19)
	at writeOrBuffer (_stream_writable.js:419:5)
	at Socket.Writable.write (_stream_writable.js:309:11)
	at m.write (/root/.vscode-server/bin/ea3859d4ba2f3e577a159bc91e3074c5d85c0523/extensions/typescript-language-features/dist/extension.js:45:61185)
	at d.write (/root/.vscode-server/bin/ea3859d4ba2f3e577a159bc91e3074c5d85c0523/extensions/typescript-language-features/dist/extension.js:1:69236)
	at d.sendRequest (/root/.vscode-server/bin/ea3859d4ba2f3e577a159bc91e3074c5d85c0523/extensions/typescript-language-features/dist/extension.js:1:71641)
	at d.sendNextRequests (/root/.vscode-server/bin/ea3859d4ba2f3e577a159bc91e3074c5d85c0523/extensions/typescript-language-features/dist/extension.js:1:71422)
	at dispatchMessage (/root/.vscode-server/bin/ea3859d4ba2f3e577a159bc91e3074c5d85c0523/extensions/typescript-language-features/dist/extension.js:1:69901)
	at /root/.vscode-server/bin/ea3859d4ba2f3e577a159bc91e3074c5d85c0523/extensions/typescript-language-features/dist/extension.js:1:68960
	at l.fire (/root/.vscode-server/bin/ea3859d4ba2f3e577a159bc91e3074c5d85c0523/out/vs/server/remoteExtensionHostProcess.js:46:801)
	at g.onLengthData (/root/.vscode-server/bin/ea3859d4ba2f3e577a159bc91e3074c5d85c0523/extensions/typescript-language-features/dist/extension.js:45:60018)
	at Socket.<anonymous> (/root/.vscode-server/bin/ea3859d4ba2f3e577a159bc91e3074c5d85c0523/extensions/typescript-language-features/dist/extension.js:45:59666)
	at Socket.emit (events.js:223:5)
	at addChunk (_stream_readable.js:309:12)
	at readableAddChunk (_stream_readable.js:290:11)
	at Socket.Readable.push (_stream_readable.js:224:10)
	at Pipe.onStreamRead (internal/stream_base_commons.js:181:23)
[2021-06-02 11:53:28.106] [renderer1] [error] spawn ENOMEM: Error: spawn ENOMEM
	at ChildProcess.spawn (internal/child_process.js:394:11)
	at spawn (child_process.js:540:9)
	at Object.execFile (child_process.js:224:17)
	at Object.exec (child_process.js:145:25)
	at n (/root/.vscode-server/bin/ea3859d4ba2f3e577a159bc91e3074c5d85c0523/out/vs/server/remoteExtensionHostProcess.js:908:946)
	at new Promise (<anonymous>)
	at v.findCandidatePorts (/root/.vscode-server/bin/ea3859d4ba2f3e577a159bc91e3074c5d85c0523/out/vs/server/remoteExtensionHostProcess.js:908:928)
	at Timeout._onTimeout (/root/.vscode-server/bin/ea3859d4ba2f3e577a159bc91e3074c5d85c0523/out/vs/server/remoteExtensionHostProcess.js:907:482)
	at listOnTimeout (internal/timers.js:531:17)
	at processTimers (internal/timers.js:475:7)
[2021-06-02 11:54:08.929] [renderer1] [error] spawn ENOMEM: Error: spawn ENOMEM
	at ChildProcess.spawn (internal/child_process.js:394:11)
	at spawn (child_process.js:540:9)
	at Object.execFile (child_process.js:224:17)
	at Object.exec (child_process.js:145:25)
	at n (/root/.vscode-server/bin/ea3859d4ba2f3e577a159bc91e3074c5d85c0523/out/vs/server/remoteExtensionHostProcess.js:908:946)
	at new Promise (<anonymous>)
	at v.findCandidatePorts (/root/.vscode-server/bin/ea3859d4ba2f3e577a159bc91e3074c5d85c0523/out/vs/server/remoteExtensionHostProcess.js:908:928)
	at Timeout._onTimeout (/root/.vscode-server/bin/ea3859d4ba2f3e577a159bc91e3074c5d85c0523/out/vs/server/remoteExtensionHostProcess.js:907:482)
	at listOnTimeout (internal/timers.js:531:17)
	at processTimers (internal/timers.js:475:7)
[2021-06-02 11:54:19.030] [renderer1] [error] spawn ENOMEM: Error: spawn ENOMEM
	at ChildProcess.spawn (internal/child_process.js:394:11)
	at spawn (child_process.js:540:9)
	at Object.execFile (child_process.js:224:17)
	at Object.exec (child_process.js:145:25)
	at n (/root/.vscode-server/bin/ea3859d4ba2f3e577a159bc91e3074c5d85c0523/out/vs/server/remoteExtensionHostProcess.js:908:946)
	at new Promise (<anonymous>)
	at v.findCandidatePorts (/root/.vscode-server/bin/ea3859d4ba2f3e577a159bc91e3074c5d85c0523/out/vs/server/remoteExtensionHostProcess.js:908:928)
	at Timeout._onTimeout (/root/.vscode-server/bin/ea3859d4ba2f3e577a159bc91e3074c5d85c0523/out/vs/server/remoteExtensionHostProcess.js:907:482)
	at listOnTimeout (internal/timers.js:531:17)
	at processTimers (internal/timers.js:475:7)
[2021-06-02 11:54:24.347] [renderer1] [error] spawn ENOMEM: Error: spawn ENOMEM
	at ChildProcess.spawn (internal/child_process.js:394:11)
	at spawn (child_process.js:540:9)
	at Object.execFile (child_process.js:224:17)
	at Object.exec (child_process.js:145:25)
	at n (/root/.vscode-server/bin/ea3859d4ba2f3e577a159bc91e3074c5d85c0523/out/vs/server/remoteExtensionHostProcess.js:908:946)
	at new Promise (<anonymous>)
	at v.findCandidatePorts (/root/.vscode-server/bin/ea3859d4ba2f3e577a159bc91e3074c5d85c0523/out/vs/server/remoteExtensionHostProcess.js:908:928)
	at Timeout._onTimeout (/root/.vscode-server/bin/ea3859d4ba2f3e577a159bc91e3074c5d85c0523/out/vs/server/remoteExtensionHostProcess.js:907:482)
	at listOnTimeout (internal/timers.js:531:17)
	at processTimers (internal/timers.js:475:7)
[2021-06-02 11:54:28.257] [renderer1] [error] spawn ENOMEM: Error: spawn ENOMEM
	at ChildProcess.spawn (internal/child_process.js:394:11)
	at spawn (child_process.js:540:9)
	at Object.execFile (child_process.js:224:17)
	at Object.exec (child_process.js:145:25)
	at n (/root/.vscode-server/bin/ea3859d4ba2f3e577a159bc91e3074c5d85c0523/out/vs/server/remoteExtensionHostProcess.js:908:946)
	at new Promise (<anonymous>)
	at v.findCandidatePorts (/root/.vscode-server/bin/ea3859d4ba2f3e577a159bc91e3074c5d85c0523/out/vs/server/remoteExtensionHostProcess.js:908:928)
	at Timeout._onTimeout (/root/.vscode-server/bin/ea3859d4ba2f3e577a159bc91e3074c5d85c0523/out/vs/server/remoteExtensionHostProcess.js:907:482)
	at listOnTimeout (internal/timers.js:531:17)
	at processTimers (internal/timers.js:475:7)
[2021-06-02 11:54:41.381] [renderer1] [error] spawn ENOMEM: Error: spawn ENOMEM
	at ChildProcess.spawn (internal/child_process.js:394:11)
	at spawn (child_process.js:540:9)
	at Object.execFile (child_process.js:224:17)
	at Object.exec (child_process.js:145:25)
	at n (/root/.vscode-server/bin/ea3859d4ba2f3e577a159bc91e3074c5d85c0523/out/vs/server/remoteExtensionHostProcess.js:908:946)
	at new Promise (<anonymous>)
	at v.findCandidatePorts (/root/.vscode-server/bin/ea3859d4ba2f3e577a159bc91e3074c5d85c0523/out/vs/server/remoteExtensionHostProcess.js:908:928)
	at Timeout._onTimeout (/root/.vscode-server/bin/ea3859d4ba2f3e577a159bc91e3074c5d85c0523/out/vs/server/remoteExtensionHostProcess.js:907:482)
	at listOnTimeout (internal/timers.js:531:17)
	at processTimers (internal/timers.js:475:7)
[2021-06-02 11:54:43.358] [renderer1] [error] spawn ENOMEM: Error: spawn ENOMEM
	at ChildProcess.spawn (internal/child_process.js:394:11)
	at spawn (child_process.js:540:9)
	at Object.execFile (child_process.js:224:17)
	at Object.exec (child_process.js:145:25)
	at n (/root/.vscode-server/bin/ea3859d4ba2f3e577a159bc91e3074c5d85c0523/out/vs/server/remoteExtensionHostProcess.js:908:946)
	at new Promise (<anonymous>)
	at v.findCandidatePorts (/root/.vscode-server/bin/ea3859d4ba2f3e577a159bc91e3074c5d85c0523/out/vs/server/remoteExtensionHostProcess.js:908:928)
	at Timeout._onTimeout (/root/.vscode-server/bin/ea3859d4ba2f3e577a159bc91e3074c5d85c0523/out/vs/server/remoteExtensionHostProcess.js:907:482)
	at listOnTimeout (internal/timers.js:531:17)
	at processTimers (internal/timers.js:475:7)
[2021-06-02 11:54:53.286] [renderer1] [warning] {}
[2021-06-02 11:54:54.501] [renderer1] [error] spawn ENOMEM: Error: spawn ENOMEM
	at ChildProcess.spawn (internal/child_process.js:394:11)
	at spawn (child_process.js:540:9)
	at Object.execFile (child_process.js:224:17)
	at Object.exec (child_process.js:145:25)
	at n (/root/.vscode-server/bin/ea3859d4ba2f3e577a159bc91e3074c5d85c0523/out/vs/server/remoteExtensionHostProcess.js:908:946)
	at new Promise (<anonymous>)
	at v.findCandidatePorts (/root/.vscode-server/bin/ea3859d4ba2f3e577a159bc91e3074c5d85c0523/out/vs/server/remoteExtensionHostProcess.js:908:928)
	at Timeout._onTimeout (/root/.vscode-server/bin/ea3859d4ba2f3e577a159bc91e3074c5d85c0523/out/vs/server/remoteExtensionHostProcess.js:907:482)
	at listOnTimeout (internal/timers.js:531:17)
	at processTimers (internal/timers.js:475:7)
[2021-06-02 11:54:55.533] [renderer1] [error] spawn ENOMEM: Error: spawn ENOMEM
	at ChildProcess.spawn (internal/child_process.js:394:11)
	at spawn (child_process.js:540:9)
	at Object.execFile (child_process.js:224:17)
	at Object.exec (child_process.js:145:25)
	at n (/root/.vscode-server/bin/ea3859d4ba2f3e577a159bc91e3074c5d85c0523/out/vs/server/remoteExtensionHostProcess.js:908:946)
	at new Promise (<anonymous>)
	at v.findCandidatePorts (/root/.vscode-server/bin/ea3859d4ba2f3e577a159bc91e3074c5d85c0523/out/vs/server/remoteExtensionHostProcess.js:908:928)
	at Timeout._onTimeout (/root/.vscode-server/bin/ea3859d4ba2f3e577a159bc91e3074c5d85c0523/out/vs/server/remoteExtensionHostProcess.js:907:482)
	at listOnTimeout (internal/timers.js:531:17)
	at processTimers (internal/timers.js:475:7)
[2021-06-02 11:55:21.065] [renderer1] [error] spawn ENOMEM: Error: spawn ENOMEM
	at ChildProcess.spawn (internal/child_process.js:394:11)
	at spawn (child_process.js:540:9)
	at Object.execFile (child_process.js:224:17)
	at Object.exec (child_process.js:145:25)
	at n (/root/.vscode-server/bin/ea3859d4ba2f3e577a159bc91e3074c5d85c0523/out/vs/server/remoteExtensionHostProcess.js:908:946)
	at new Promise (<anonymous>)
	at v.findCandidatePorts (/root/.vscode-server/bin/ea3859d4ba2f3e577a159bc91e3074c5d85c0523/out/vs/server/remoteExtensionHostProcess.js:908:928)
	at Timeout._onTimeout (/root/.vscode-server/bin/ea3859d4ba2f3e577a159bc91e3074c5d85c0523/out/vs/server/remoteExtensionHostProcess.js:907:482)
	at listOnTimeout (internal/timers.js:531:17)
	at processTimers (internal/timers.js:475:7)
[2021-06-02 11:55:42.964] [renderer1] [info] [remote-connection][ExtensionHost][bbefd…][reconnect] starting reconnecting loop. You can get more information with the trace log level.
[2021-06-02 11:55:42.965] [renderer1] [info] [remote-connection][ExtensionHost][bbefd…][reconnect] waiting for 5 seconds before reconnecting...
[2021-06-02 11:55:47.965] [renderer1] [info] [remote-connection][ExtensionHost][bbefd…][reconnect] resolving connection...
[2021-06-02 11:55:47.965] [renderer1] [info] [remote-connection][ExtensionHost][bbefd…][reconnect] connecting to 127.0.0.1:39557...
[2021-06-02 11:55:50.128] [renderer1] [warning] {}
[2021-06-02 11:55:52.106] [renderer1] [info] [remote-connection][ExtensionHost][bbefd…][reconnect] reconnected!
[2021-06-02 11:56:02.568] [renderer1] [warning] {}
[2021-06-02 11:56:12.109] [renderer1] [info] [remote-connection][ExtensionHost][bbefd…][reconnect] starting reconnecting loop. You can get more information with the trace log level.
[2021-06-02 11:56:12.109] [renderer1] [info] [remote-connection][ExtensionHost][bbefd…][reconnect] waiting for 5 seconds before reconnecting...
[2021-06-02 11:56:14.932] [renderer1] [error] spawn ENOMEM: Error: spawn ENOMEM
	at ChildProcess.spawn (internal/child_process.js:394:11)
	at spawn (child_process.js:540:9)
	at Object.execFile (child_process.js:224:17)
	at Object.exec (child_process.js:145:25)
	at n (/root/.vscode-server/bin/ea3859d4ba2f3e577a159bc91e3074c5d85c0523/out/vs/server/remoteExtensionHostProcess.js:908:946)
	at new Promise (<anonymous>)
	at v.findCandidatePorts (/root/.vscode-server/bin/ea3859d4ba2f3e577a159bc91e3074c5d85c0523/out/vs/server/remoteExtensionHostProcess.js:908:928)
	at Timeout._onTimeout (/root/.vscode-server/bin/ea3859d4ba2f3e577a159bc91e3074c5d85c0523/out/vs/server/remoteExtensionHostProcess.js:907:482)
	at listOnTimeout (internal/timers.js:531:17)
	at processTimers (internal/timers.js:475:7)
[2021-06-02 11:56:15.550] [renderer1] [warning] {}
[2021-06-02 11:56:17.110] [renderer1] [info] [remote-connection][ExtensionHost][bbefd…][reconnect] resolving connection...
[2021-06-02 11:56:17.110] [renderer1] [info] [remote-connection][ExtensionHost][bbefd…][reconnect] connecting to 127.0.0.1:39557...
[2021-06-02 11:56:17.885] [renderer1] [info] [remote-connection][ExtensionHost][bbefd…][reconnect] reconnected!
[2021-06-02 11:56:18.490] [renderer1] [error] spawn ENOMEM: Error: spawn ENOMEM
	at ChildProcess.spawn (internal/child_process.js:394:11)
	at spawn (child_process.js:540:9)
	at Object.execFile (child_process.js:224:17)
	at Object.exec (child_process.js:145:25)
	at n (/root/.vscode-server/bin/ea3859d4ba2f3e577a159bc91e3074c5d85c0523/out/vs/server/remoteExtensionHostProcess.js:908:946)
	at new Promise (<anonymous>)
	at v.findCandidatePorts (/root/.vscode-server/bin/ea3859d4ba2f3e577a159bc91e3074c5d85c0523/out/vs/server/remoteExtensionHostProcess.js:908:928)
	at Timeout._onTimeout (/root/.vscode-server/bin/ea3859d4ba2f3e577a159bc91e3074c5d85c0523/out/vs/server/remoteExtensionHostProcess.js:907:482)
	at listOnTimeout (internal/timers.js:531:17)
	at processTimers (internal/timers.js:475:7)
[2021-06-02 11:56:19.678] [renderer1] [error] spawn ENOMEM: Error: spawn ENOMEM
	at ChildProcess.spawn (internal/child_process.js:394:11)
	at spawn (child_process.js:540:9)
	at Object.execFile (child_process.js:224:17)
	at Object.exec (child_process.js:145:25)
	at n (/root/.vscode-server/bin/ea3859d4ba2f3e577a159bc91e3074c5d85c0523/out/vs/server/remoteExtensionHostProcess.js:908:946)
	at new Promise (<anonymous>)
	at v.findCandidatePorts (/root/.vscode-server/bin/ea3859d4ba2f3e577a159bc91e3074c5d85c0523/out/vs/server/remoteExtensionHostProcess.js:908:928)
	at Timeout._onTimeout (/root/.vscode-server/bin/ea3859d4ba2f3e577a159bc91e3074c5d85c0523/out/vs/server/remoteExtensionHostProcess.js:907:482)
	at listOnTimeout (internal/timers.js:531:17)
	at processTimers (internal/timers.js:475:7)
[2021-06-02 11:56:22.542] [renderer1] [error] spawn ENOMEM: Error: spawn ENOMEM
	at ChildProcess.spawn (internal/child_process.js:394:11)
	at spawn (child_process.js:540:9)
	at Object.execFile (child_process.js:224:17)
	at Object.exec (child_process.js:145:25)
	at n (/root/.vscode-server/bin/ea3859d4ba2f3e577a159bc91e3074c5d85c0523/out/vs/server/remoteExtensionHostProcess.js:908:946)
	at new Promise (<anonymous>)
	at v.findCandidatePorts (/root/.vscode-server/bin/ea3859d4ba2f3e577a159bc91e3074c5d85c0523/out/vs/server/remoteExtensionHostProcess.js:908:928)
	at Timeout._onTimeout (/root/.vscode-server/bin/ea3859d4ba2f3e577a159bc91e3074c5d85c0523/out/vs/server/remoteExtensionHostProcess.js:907:482)
	at listOnTimeout (internal/timers.js:531:17)
	at processTimers (internal/timers.js:475:7)
[2021-06-02 11:56:25.368] [renderer1] [error] spawn ENOMEM: Error: spawn ENOMEM
	at ChildProcess.spawn (internal/child_process.js:394:11)
	at spawn (child_process.js:540:9)
	at Object.execFile (child_process.js:224:17)
	at Object.exec (child_process.js:145:25)
	at n (/root/.vscode-server/bin/ea3859d4ba2f3e577a159bc91e3074c5d85c0523/out/vs/server/remoteExtensionHostProcess.js:908:946)
	at new Promise (<anonymous>)
	at v.findCandidatePorts (/root/.vscode-server/bin/ea3859d4ba2f3e577a159bc91e3074c5d85c0523/out/vs/server/remoteExtensionHostProcess.js:908:928)
	at Timeout._onTimeout (/root/.vscode-server/bin/ea3859d4ba2f3e577a159bc91e3074c5d85c0523/out/vs/server/remoteExtensionHostProcess.js:907:482)
	at listOnTimeout (internal/timers.js:531:17)
	at processTimers (internal/timers.js:475:7)
[2021-06-02 11:56:27.042] [renderer1] [error] spawn ENOMEM: Error: spawn ENOMEM
	at ChildProcess.spawn (internal/child_process.js:394:11)
	at spawn (child_process.js:540:9)
	at Object.execFile (child_process.js:224:17)
	at Object.exec (child_process.js:145:25)
	at n (/root/.vscode-server/bin/ea3859d4ba2f3e577a159bc91e3074c5d85c0523/out/vs/server/remoteExtensionHostProcess.js:908:946)
	at new Promise (<anonymous>)
	at v.findCandidatePorts (/root/.vscode-server/bin/ea3859d4ba2f3e577a159bc91e3074c5d85c0523/out/vs/server/remoteExtensionHostProcess.js:908:928)
	at Timeout._onTimeout (/root/.vscode-server/bin/ea3859d4ba2f3e577a159bc91e3074c5d85c0523/out/vs/server/remoteExtensionHostProcess.js:907:482)
	at listOnTimeout (internal/timers.js:531:17)
	at processTimers (internal/timers.js:475:7)
[2021-06-02 11:56:29.215] [renderer1] [error] spawn ENOMEM: Error: spawn ENOMEM
	at ChildProcess.spawn (internal/child_process.js:394:11)
	at spawn (child_process.js:540:9)
	at Object.execFile (child_process.js:224:17)
	at Object.exec (child_process.js:145:25)
	at n (/root/.vscode-server/bin/ea3859d4ba2f3e577a159bc91e3074c5d85c0523/out/vs/server/remoteExtensionHostProcess.js:908:946)
	at new Promise (<anonymous>)
	at v.findCandidatePorts (/root/.vscode-server/bin/ea3859d4ba2f3e577a159bc91e3074c5d85c0523/out/vs/server/remoteExtensionHostProcess.js:908:928)
	at Timeout._onTimeout (/root/.vscode-server/bin/ea3859d4ba2f3e577a159bc91e3074c5d85c0523/out/vs/server/remoteExtensionHostProcess.js:907:482)
	at listOnTimeout (internal/timers.js:531:17)
	at processTimers (internal/timers.js:475:7)
[2021-06-02 11:56:36.756] [renderer1] [error] spawn ENOMEM: Error: spawn ENOMEM
	at ChildProcess.spawn (internal/child_process.js:394:11)
	at spawn (child_process.js:540:9)
	at Object.execFile (child_process.js:224:17)
	at Object.exec (child_process.js:145:25)
	at n (/root/.vscode-server/bin/ea3859d4ba2f3e577a159bc91e3074c5d85c0523/out/vs/server/remoteExtensionHostProcess.js:908:946)
	at new Promise (<anonymous>)
	at v.findCandidatePorts (/root/.vscode-server/bin/ea3859d4ba2f3e577a159bc91e3074c5d85c0523/out/vs/server/remoteExtensionHostProcess.js:908:928)
	at Timeout._onTimeout (/root/.vscode-server/bin/ea3859d4ba2f3e577a159bc91e3074c5d85c0523/out/vs/server/remoteExtensionHostProcess.js:907:482)
	at listOnTimeout (internal/timers.js:531:17)
	at processTimers (internal/timers.js:475:7)
[2021-06-02 11:56:52.189] [renderer1] [error] spawn ENOMEM: Error: spawn ENOMEM
	at ChildProcess.spawn (internal/child_process.js:394:11)
	at spawn (child_process.js:540:9)
	at Object.execFile (child_process.js:224:17)
	at Object.exec (child_process.js:145:25)
	at n (/root/.vscode-server/bin/ea3859d4ba2f3e577a159bc91e3074c5d85c0523/out/vs/server/remoteExtensionHostProcess.js:908:946)
	at new Promise (<anonymous>)
	at v.findCandidatePorts (/root/.vscode-server/bin/ea3859d4ba2f3e577a159bc91e3074c5d85c0523/out/vs/server/remoteExtensionHostProcess.js:908:928)
	at Timeout._onTimeout (/root/.vscode-server/bin/ea3859d4ba2f3e577a159bc91e3074c5d85c0523/out/vs/server/remoteExtensionHostProcess.js:907:482)
	at listOnTimeout (internal/timers.js:531:17)
	at processTimers (internal/timers.js:475:7)
[2021-06-02 11:56:55.081] [renderer1] [error] spawn ENOMEM: Error: spawn ENOMEM
	at ChildProcess.spawn (internal/child_process.js:394:11)
	at spawn (child_process.js:540:9)
	at Object.execFile (child_process.js:224:17)
	at Object.exec (child_process.js:145:25)
	at n (/root/.vscode-server/bin/ea3859d4ba2f3e577a159bc91e3074c5d85c0523/out/vs/server/remoteExtensionHostProcess.js:908:946)
	at new Promise (<anonymous>)
	at v.findCandidatePorts (/root/.vscode-server/bin/ea3859d4ba2f3e577a159bc91e3074c5d85c0523/out/vs/server/remoteExtensionHostProcess.js:908:928)
	at Timeout._onTimeout (/root/.vscode-server/bin/ea3859d4ba2f3e577a159bc91e3074c5d85c0523/out/vs/server/remoteExtensionHostProcess.js:907:482)
	at listOnTimeout (internal/timers.js:531:17)
	at processTimers (internal/timers.js:475:7)
[2021-06-02 11:57:00.087] [renderer1] [error] spawn ENOMEM: Error: spawn ENOMEM
	at ChildProcess.spawn (internal/child_process.js:394:11)
	at spawn (child_process.js:540:9)
	at Object.execFile (child_process.js:224:17)
	at Object.exec (child_process.js:145:25)
	at n (/root/.vscode-server/bin/ea3859d4ba2f3e577a159bc91e3074c5d85c0523/out/vs/server/remoteExtensionHostProcess.js:908:946)
	at new Promise (<anonymous>)
	at v.findCandidatePorts (/root/.vscode-server/bin/ea3859d4ba2f3e577a159bc91e3074c5d85c0523/out/vs/server/remoteExtensionHostProcess.js:908:928)
	at Timeout._onTimeout (/root/.vscode-server/bin/ea3859d4ba2f3e577a159bc91e3074c5d85c0523/out/vs/server/remoteExtensionHostProcess.js:907:482)
	at listOnTimeout (internal/timers.js:531:17)
	at processTimers (internal/timers.js:475:7)
[2021-06-02 11:57:01.145] [renderer1] [error] spawn ENOMEM: Error: spawn ENOMEM
	at ChildProcess.spawn (internal/child_process.js:394:11)
	at spawn (child_process.js:540:9)
	at Object.execFile (child_process.js:224:17)
	at Object.exec (child_process.js:145:25)
	at n (/root/.vscode-server/bin/ea3859d4ba2f3e577a159bc91e3074c5d85c0523/out/vs/server/remoteExtensionHostProcess.js:908:946)
	at new Promise (<anonymous>)
	at v.findCandidatePorts (/root/.vscode-server/bin/ea3859d4ba2f3e577a159bc91e3074c5d85c0523/out/vs/server/remoteExtensionHostProcess.js:908:928)
	at Timeout._onTimeout (/root/.vscode-server/bin/ea3859d4ba2f3e577a159bc91e3074c5d85c0523/out/vs/server/remoteExtensionHostProcess.js:907:482)
	at listOnTimeout (internal/timers.js:531:17)
	at processTimers (internal/timers.js:475:7)
[2021-06-02 11:57:03.069] [renderer1] [error] spawn ENOMEM: Error: spawn ENOMEM
	at ChildProcess.spawn (internal/child_process.js:394:11)
	at spawn (child_process.js:540:9)
	at Object.execFile (child_process.js:224:17)
	at Object.exec (child_process.js:145:25)
	at n (/root/.vscode-server/bin/ea3859d4ba2f3e577a159bc91e3074c5d85c0523/out/vs/server/remoteExtensionHostProcess.js:908:946)
	at new Promise (<anonymous>)
	at v.findCandidatePorts (/root/.vscode-server/bin/ea3859d4ba2f3e577a159bc91e3074c5d85c0523/out/vs/server/remoteExtensionHostProcess.js:908:928)
	at Timeout._onTimeout (/root/.vscode-server/bin/ea3859d4ba2f3e577a159bc91e3074c5d85c0523/out/vs/server/remoteExtensionHostProcess.js:907:482)
	at listOnTimeout (internal/timers.js:531:17)
	at processTimers (internal/timers.js:475:7)
[2021-06-02 11:57:05.071] [renderer1] [error] spawn ENOMEM: Error: spawn ENOMEM
	at ChildProcess.spawn (internal/child_process.js:394:11)
	at spawn (child_process.js:540:9)
	at Object.execFile (child_process.js:224:17)
	at Object.exec (child_process.js:145:25)
	at n (/root/.vscode-server/bin/ea3859d4ba2f3e577a159bc91e3074c5d85c0523/out/vs/server/remoteExtensionHostProcess.js:908:946)
	at new Promise (<anonymous>)
	at v.findCandidatePorts (/root/.vscode-server/bin/ea3859d4ba2f3e577a159bc91e3074c5d85c0523/out/vs/server/remoteExtensionHostProcess.js:908:928)
	at Timeout._onTimeout (/root/.vscode-server/bin/ea3859d4ba2f3e577a159bc91e3074c5d85c0523/out/vs/server/remoteExtensionHostProcess.js:907:482)
	at listOnTimeout (internal/timers.js:531:17)
	at processTimers (internal/timers.js:475:7)
[2021-06-02 11:57:07.307] [renderer1] [error] spawn ENOMEM: Error: spawn ENOMEM
	at ChildProcess.spawn (internal/child_process.js:394:11)
	at spawn (child_process.js:540:9)
	at Object.execFile (child_process.js:224:17)
	at Object.exec (child_process.js:145:25)
	at n (/root/.vscode-server/bin/ea3859d4ba2f3e577a159bc91e3074c5d85c0523/out/vs/server/remoteExtensionHostProcess.js:908:946)
	at new Promise (<anonymous>)
	at v.findCandidatePorts (/root/.vscode-server/bin/ea3859d4ba2f3e577a159bc91e3074c5d85c0523/out/vs/server/remoteExtensionHostProcess.js:908:928)
	at Timeout._onTimeout (/root/.vscode-server/bin/ea3859d4ba2f3e577a159bc91e3074c5d85c0523/out/vs/server/remoteExtensionHostProcess.js:907:482)
	at listOnTimeout (internal/timers.js:531:17)
	at processTimers (internal/timers.js:475:7)
[2021-06-02 11:57:09.363] [renderer1] [error] spawn ENOMEM: Error: spawn ENOMEM
	at ChildProcess.spawn (internal/child_process.js:394:11)
	at spawn (child_process.js:540:9)
	at Object.execFile (child_process.js:224:17)
	at Object.exec (child_process.js:145:25)
	at n (/root/.vscode-server/bin/ea3859d4ba2f3e577a159bc91e3074c5d85c0523/out/vs/server/remoteExtensionHostProcess.js:908:946)
	at new Promise (<anonymous>)
	at v.findCandidatePorts (/root/.vscode-server/bin/ea3859d4ba2f3e577a159bc91e3074c5d85c0523/out/vs/server/remoteExtensionHostProcess.js:908:928)
	at Timeout._onTimeout (/root/.vscode-server/bin/ea3859d4ba2f3e577a159bc91e3074c5d85c0523/out/vs/server/remoteExtensionHostProcess.js:907:482)
	at listOnTimeout (internal/timers.js:531:17)
	at processTimers (internal/timers.js:475:7)
[2021-06-02 11:57:14.637] [renderer1] [error] spawn ENOMEM: Error: spawn ENOMEM
	at ChildProcess.spawn (internal/child_process.js:394:11)
	at spawn (child_process.js:540:9)
	at Object.execFile (child_process.js:224:17)
	at Object.exec (child_process.js:145:25)
	at n (/root/.vscode-server/bin/ea3859d4ba2f3e577a159bc91e3074c5d85c0523/out/vs/server/remoteExtensionHostProcess.js:908:946)
	at new Promise (<anonymous>)
	at v.findCandidatePorts (/root/.vscode-server/bin/ea3859d4ba2f3e577a159bc91e3074c5d85c0523/out/vs/server/remoteExtensionHostProcess.js:908:928)
	at Timeout._onTimeout (/root/.vscode-server/bin/ea3859d4ba2f3e577a159bc91e3074c5d85c0523/out/vs/server/remoteExtensionHostProcess.js:907:482)
	at listOnTimeout (internal/timers.js:531:17)
	at processTimers (internal/timers.js:475:7)
[2021-06-02 11:57:58.349] [renderer1] [error] spawn ENOMEM: Error: spawn ENOMEM
	at ChildProcess.spawn (internal/child_process.js:394:11)
	at spawn (child_process.js:540:9)
	at Object.execFile (child_process.js:224:17)
	at Object.exec (child_process.js:145:25)
	at n (/root/.vscode-server/bin/ea3859d4ba2f3e577a159bc91e3074c5d85c0523/out/vs/server/remoteExtensionHostProcess.js:908:946)
	at new Promise (<anonymous>)
	at v.findCandidatePorts (/root/.vscode-server/bin/ea3859d4ba2f3e577a159bc91e3074c5d85c0523/out/vs/server/remoteExtensionHostProcess.js:908:928)
	at Timeout._onTimeout (/root/.vscode-server/bin/ea3859d4ba2f3e577a159bc91e3074c5d85c0523/out/vs/server/remoteExtensionHostProcess.js:907:482)
	at listOnTimeout (internal/timers.js:531:17)
	at processTimers (internal/timers.js:475:7)
[2021-06-02 11:58:18.568] [renderer1] [info] [remote-connection][ExtensionHost][bbefd…][reconnect] starting reconnecting loop. You can get more information with the trace log level.
[2021-06-02 11:58:18.568] [renderer1] [info] [remote-connection][ExtensionHost][bbefd…][reconnect] waiting for 5 seconds before reconnecting...
[2021-06-02 11:58:22.660] [renderer1] [warning] {}
[2021-06-02 11:58:23.569] [renderer1] [info] [remote-connection][ExtensionHost][bbefd…][reconnect] resolving connection...
[2021-06-02 11:58:23.569] [renderer1] [info] [remote-connection][ExtensionHost][bbefd…][reconnect] connecting to 127.0.0.1:39557...
[2021-06-02 11:58:31.757] [renderer1] [info] [remote-connection][ExtensionHost][bbefd…][reconnect] reconnected!
[2021-06-02 11:58:31.948] [renderer1] [error] spawn ENOMEM: Error: spawn ENOMEM
	at ChildProcess.spawn (internal/child_process.js:394:11)
	at spawn (child_process.js:540:9)
	at Object.execFile (child_process.js:224:17)
	at Object.exec (child_process.js:145:25)
	at n (/root/.vscode-server/bin/ea3859d4ba2f3e577a159bc91e3074c5d85c0523/out/vs/server/remoteExtensionHostProcess.js:908:946)
	at new Promise (<anonymous>)
	at v.findCandidatePorts (/root/.vscode-server/bin/ea3859d4ba2f3e577a159bc91e3074c5d85c0523/out/vs/server/remoteExtensionHostProcess.js:908:928)
	at Timeout._onTimeout (/root/.vscode-server/bin/ea3859d4ba2f3e577a159bc91e3074c5d85c0523/out/vs/server/remoteExtensionHostProcess.js:907:482)
	at listOnTimeout (internal/timers.js:531:17)
	at processTimers (internal/timers.js:475:7)
[2021-06-02 11:59:05.324] [renderer1] [info] [remote-connection][ExtensionHost][bbefd…][reconnect] starting reconnecting loop. You can get more information with the trace log level.
[2021-06-02 11:59:05.324] [renderer1] [info] [remote-connection][ExtensionHost][bbefd…][reconnect] waiting for 5 seconds before reconnecting...
[2021-06-02 11:59:10.324] [renderer1] [info] [remote-connection][ExtensionHost][bbefd…][reconnect] resolving connection...
[2021-06-02 11:59:10.324] [renderer1] [info] [remote-connection][ExtensionHost][bbefd…][reconnect] connecting to 127.0.0.1:39557...
[2021-06-02 11:59:13.215] [renderer1] [info] [remote-connection][Management   ][eae04…][reconnect] starting reconnecting loop. You can get more information with the trace log level.
[2021-06-02 11:59:13.228] [renderer1] [info] [remote-connection][Management   ][eae04…][reconnect] waiting for 5 seconds before reconnecting...
[2021-06-02 11:59:14.635] [renderer1] [warning] {}
[2021-06-02 11:59:15.667] [renderer1] [info] [remote-connection][ExtensionHost][bbefd…][reconnect] reconnected!
[2021-06-02 11:59:16.035] [renderer1] [info] [remote-connection][Management   ][eae04…][reconnect] resolving connection...
[2021-06-02 11:59:16.688] [renderer1] [error] [remote-connection][Management   ][eae04…][reconnect] An unknown error occurred while trying to reconnect, since this is an unknown case, it will be treated as a permanent error! Will give up now! Error:
[2021-06-02 11:59:16.689] [renderer1] [error] Error
    at e.resolveAuthority (file:///opt/visual-studio-code/resources/app/out/vs/workbench/workbench.desktop.main.js:4885:869)
    at async F._resolveAuthorityAgain (file:///opt/visual-studio-code/resources/app/out/vs/workbench/workbench.desktop.main.js:5440:886)
[2021-06-02 12:02:33.703] [renderer1] [error] command 'opensshremotes.openEmptyWindow' not found: Error: command 'opensshremotes.openEmptyWindow' not found
    at u._tryExecuteCommand (file:///opt/visual-studio-code/resources/app/out/vs/workbench/workbench.desktop.main.js:4189:893)
    at file:///opt/visual-studio-code/resources/app/out/vs/workbench/workbench.desktop.main.js:4189:774
