[12:02:56.853] Log Level: 2
[12:02:56.855] remote-ssh@0.64.0
[12:02:56.855] linux x64
[12:02:56.857] SSH Resolver called for "ssh-remote+frontier", attempt 1
[12:02:56.857] "remote.SSH.useLocalServer": true
[12:02:56.857] "remote.SSH.sshPath": undefined
[12:02:56.857] "remote.SSH.sshConfigurationFile": undefined
[12:02:56.857] "remote.SSH.useFlock": true
[12:02:56.857] "remote.SSH.lockfilesInTmp": false
[12:02:56.858] "remote.SSH.localServerDownload": auto
[12:02:56.858] "remote.SSH.remoteServerListenOnSocket": false
[12:02:56.858] "remote.SSH.showLoginTerminal": false
[12:02:56.858] "remote.SSH.defaultExtensions": []
[12:02:56.858] SSH Resolver called for host: frontier
[12:02:56.858] Setting up SSH remote "frontier"
[12:02:56.861] Acquiring local install lock: /tmp/vscode-remote-ssh-frontier-install.lock
[12:02:56.869] Looking for existing server data file at /home/fila/.config/Code/User/globalStorage/ms-vscode-remote.remote-ssh/vscode-ssh-host-frontier-ea3859d4ba2f3e577a159bc91e3074c5d85c0523-0.64.0/data.json
[12:02:56.880] Using commit id "ea3859d4ba2f3e577a159bc91e3074c5d85c0523" and quality "stable" for server
[12:02:56.883] Install and start server if needed
[12:02:56.887] Checking ssh with "ssh -V"
[12:02:56.893] > OpenSSH_8.6p1, OpenSSL 1.1.1k  25 Mar 2021

[12:02:56.895] askpass server listening on /run/user/1000/vscode-ssh-askpass-17dc87e8c0fef35ad743e62c751dea3b942f94eb.sock
[12:02:56.895] Spawning local server with {"ipcHandlePath":"/run/user/1000/vscode-ssh-askpass-d75bdac067e2b6fd44f1486c993f56175399515b.sock","sshCommand":"ssh","sshArgs":["-v","-T","-D","34361","-o","ConnectTimeout=15","frontier"],"dataFilePath":"/home/fila/.config/Code/User/globalStorage/ms-vscode-remote.remote-ssh/vscode-ssh-host-frontier-ea3859d4ba2f3e577a159bc91e3074c5d85c0523-0.64.0/data.json"}
[12:02:56.896] Local server env: {"DISPLAY":"1","ELECTRON_RUN_AS_NODE":"1","SSH_ASKPASS":"/home/fila/.vscode/extensions/ms-vscode-remote.remote-ssh-0.64.0/out/local-server/askpass.sh","VSCODE_SSH_ASKPASS_NODE":"/opt/visual-studio-code/code","VSCODE_SSH_ASKPASS_MAIN":"/home/fila/.vscode/extensions/ms-vscode-remote.remote-ssh-0.64.0/out/askpass-main.js","VSCODE_SSH_ASKPASS_HANDLE":"/run/user/1000/vscode-ssh-askpass-17dc87e8c0fef35ad743e62c751dea3b942f94eb.sock"}
[12:02:56.899] Spawned 40673
[12:02:56.972] > local-server> Spawned ssh: 40681
[12:02:56.975] stderr> OpenSSH_8.6p1, OpenSSL 1.1.1k  25 Mar 2021
[12:02:57.046] stderr> debug1: Server host key: ssh-ed25519 SHA256:+CrTZn2eMVQHb+kUIoq+20+vmwatSHMyop4oni5I5bo
[12:02:57.182] stderr> Authenticated to frontiercanna.biz ([104.238.164.227]:22).
[12:02:57.297] > Linux Frontier 4.19.0-16-amd64 #1 SMP Debian 4.19.181-1 (2021-03-19) x86_64
> 
> The programs included with the Debian GNU/Linux system are free software;
> the exact distribution terms for each program are described in the
> individual files in /usr/share/doc/*/copyright.
> 
> Debian GNU/Linux comes with ABSOLUTELY NO WARRANTY, to the extent
> permitted by applicable law.
[12:02:57.308] > ready: 17cf7d290887
[12:02:57.321] > Linux 4.19.0-16-amd64 #1 SMP Debian 4.19.181-1 (2021-03-19)
[12:02:57.322] Platform: linux
[12:02:57.362] > 17cf7d290887: running
[12:02:57.419] > Acquiring lock on /root/.vscode-server/bin/ea3859d4ba2f3e577a159bc91e3074c5d85c0523/vscode-remote-lock.root.ea3859d4ba2f3e577a159bc91e3074c5d85c0523
[12:02:57.431] > Found existing installation at /root/.vscode-server/bin/ea3859d4ba2f3e577a159bc91e3074c5d85c0523...
> Checking /root/.vscode-server/.ea3859d4ba2f3e577a159bc91e3074c5d85c0523.log and /root/.vscode-server/.ea3859d4ba2f3e577a159bc91e3074c5d85c0523.pid for a running server
[12:02:57.433] > Looking for server with pid: 17407
[12:02:57.453] > Found running server...
[12:02:57.455] >  
> *
> * Reminder: You may only use this software with Visual Studio family products,
> * as described in the license (https://go.microsoft.com/fwlink/?linkid=2077057)
> *
>  
[12:02:57.517] > Checking server status on port 37687 with wget
[12:02:57.536] > 17cf7d290887: start
> sshAuthSock====
> webUiAccessToken====
> listeningOn==37687==
> osReleaseId==debian==
> arch==x86_64==
> tmpDir==/run/user/0==
> platform==linux==
> unpackResult====
> didLocalDownload==0==
> downloadTime====
> installTime====
> extInstallTime====
> serverStartTime====
> connectionToken==1a11aaaa-aa1a-11aa-a11a-a1a1111a111a==
> 17cf7d290887: end
[12:02:57.536] Received install output: 
sshAuthSock====
webUiAccessToken====
listeningOn==37687==
osReleaseId==debian==
arch==x86_64==
tmpDir==/run/user/0==
platform==linux==
unpackResult====
didLocalDownload==0==
downloadTime====
installTime====
extInstallTime====
serverStartTime====
connectionToken==1a11aaaa-aa1a-11aa-a11a-a1a1111a111a==

[12:02:57.537] Remote server is listening on 37687
[12:02:57.538] Parsed server configuration: {"serverConfiguration":{"remoteListeningOn":{"port":37687},"osReleaseId":"debian","arch":"x86_64","webUiAccessToken":"","sshAuthSock":"","tmpDir":"/run/user/0","platform":"linux","connectionToken":"1a11aaaa-aa1a-11aa-a11a-a1a1111a111a"},"installUnpackCode":""}
[12:02:57.539] Persisting server connection details to /home/fila/.config/Code/User/globalStorage/ms-vscode-remote.remote-ssh/vscode-ssh-host-frontier-ea3859d4ba2f3e577a159bc91e3074c5d85c0523-0.64.0/data.json
[12:02:57.540] Starting forwarding server. localPort 32815 -> socksPort 34361 -> remotePort 37687
[12:02:57.541] Forwarding server listening on 32815
[12:02:57.541] Waiting for ssh tunnel to be ready
[12:02:57.542] [Forwarding server 32815] Got connection 0
[12:02:57.543] Tunneled 37687 to local port 32815
[12:02:57.543] Resolved "ssh-remote+frontier" to "127.0.0.1:32815"
[12:02:57.576] ------




[12:02:57.596] [Forwarding server 32815] Got connection 1
[12:02:57.596] [Forwarding server 32815] Got connection 2
