[18:13:38.495] Log Level: 2
[18:13:38.497] remote-ssh@0.64.0
[18:13:38.497] linux x64
[18:13:38.498] SSH Resolver called for "ssh-remote+frontier", attempt 1
[18:13:38.498] "remote.SSH.useLocalServer": true
[18:13:38.499] "remote.SSH.sshPath": undefined
[18:13:38.499] "remote.SSH.sshConfigurationFile": undefined
[18:13:38.499] "remote.SSH.useFlock": true
[18:13:38.499] "remote.SSH.lockfilesInTmp": false
[18:13:38.499] "remote.SSH.localServerDownload": auto
[18:13:38.499] "remote.SSH.remoteServerListenOnSocket": false
[18:13:38.499] "remote.SSH.showLoginTerminal": false
[18:13:38.500] "remote.SSH.defaultExtensions": []
[18:13:38.500] SSH Resolver called for host: frontier
[18:13:38.500] Setting up SSH remote "frontier"
[18:13:38.503] Acquiring local install lock: /tmp/vscode-remote-ssh-frontier-install.lock
[18:13:38.510] Looking for existing server data file at /home/fila/.config/Code/User/globalStorage/ms-vscode-remote.remote-ssh/vscode-ssh-host-frontier-ea3859d4ba2f3e577a159bc91e3074c5d85c0523-0.64.0/data.json
[18:13:38.510] Using commit id "ea3859d4ba2f3e577a159bc91e3074c5d85c0523" and quality "stable" for server
[18:13:38.513] Install and start server if needed
[18:13:38.527] Checking ssh with "ssh -V"
[18:13:38.534] > OpenSSH_8.6p1, OpenSSL 1.1.1k  25 Mar 2021

[18:13:38.536] askpass server listening on /run/user/1000/vscode-ssh-askpass-bbd7300d3c54b3b53fdee1dfecdb4353450f96de.sock
[18:13:38.536] Spawning local server with {"ipcHandlePath":"/run/user/1000/vscode-ssh-askpass-cc6c83f246642210e82852c143bf7a10b8b560c3.sock","sshCommand":"ssh","sshArgs":["-v","-T","-D","34967","-o","ConnectTimeout=15","frontier"],"dataFilePath":"/home/fila/.config/Code/User/globalStorage/ms-vscode-remote.remote-ssh/vscode-ssh-host-frontier-ea3859d4ba2f3e577a159bc91e3074c5d85c0523-0.64.0/data.json"}
[18:13:38.537] Local server env: {"DISPLAY":"1","ELECTRON_RUN_AS_NODE":"1","SSH_ASKPASS":"/home/fila/.vscode/extensions/ms-vscode-remote.remote-ssh-0.64.0/out/local-server/askpass.sh","VSCODE_SSH_ASKPASS_NODE":"/opt/visual-studio-code/code","VSCODE_SSH_ASKPASS_MAIN":"/home/fila/.vscode/extensions/ms-vscode-remote.remote-ssh-0.64.0/out/askpass-main.js","VSCODE_SSH_ASKPASS_HANDLE":"/run/user/1000/vscode-ssh-askpass-bbd7300d3c54b3b53fdee1dfecdb4353450f96de.sock"}
[18:13:38.539] Spawned 4900
[18:13:38.604] > local-server> Spawned ssh: 4908
[18:13:38.606] stderr> OpenSSH_8.6p1, OpenSSL 1.1.1k  25 Mar 2021
[18:13:38.673] stderr> debug1: Server host key: ssh-ed25519 SHA256:+CrTZn2eMVQHb+kUIoq+20+vmwatSHMyop4oni5I5bo
[18:13:38.805] stderr> Authenticated to frontiercanna.biz ([104.238.164.227]:22).
[18:13:38.898] > Linux Frontier 4.19.0-14-amd64 #1 SMP Debian 4.19.171-2 (2021-01-30) x86_64
> 
> The programs included with the Debian GNU/Linux system are free software;
> the exact distribution terms for each program are described in the
> individual files in /usr/share/doc/*/copyright.
> 
> Debian GNU/Linux comes with ABSOLUTELY NO WARRANTY, to the extent
> permitted by applicable law.
[18:13:38.907] > ready: bd9fa66d22b9
[18:13:38.920] > Linux 4.19.0-14-amd64 #1 SMP Debian 4.19.171-2 (2021-01-30)
[18:13:38.921] Platform: linux
[18:13:38.961] > bd9fa66d22b9: running
[18:13:39.010] > Acquiring lock on /root/.vscode-server/bin/ea3859d4ba2f3e577a159bc91e3074c5d85c0523/vscode-remote-lock.root.ea3859d4ba2f3e577a159bc91e3074c5d85c0523
[18:13:39.015] > Found existing installation at /root/.vscode-server/bin/ea3859d4ba2f3e577a159bc91e3074c5d85c0523...
> Checking /root/.vscode-server/.ea3859d4ba2f3e577a159bc91e3074c5d85c0523.log and /root/.vscode-server/.ea3859d4ba2f3e577a159bc91e3074c5d85c0523.pid for a running server
[18:13:39.017] > Looking for server with pid: 24394
[18:13:39.041] > Found running server...
[18:13:39.047] >  
> *
> * Reminder: You may only use this software with Visual Studio family products,
> * as described in the license (https://go.microsoft.com/fwlink/?linkid=2077057)
> *
>  
[18:13:39.097] > Checking server status on port 35667 with wget
[18:13:39.105] > bd9fa66d22b9: start
> sshAuthSock====
> webUiAccessToken====
> listeningOn==35667==
> osReleaseId==debian==
> arch==x86_64==
> tmpDir==/run/user/0==
> platform==linux==
> unpackResult====
> didLocalDownload==0==
> downloadTime====
> installTime====
> extInstallTime====
> serverStartTime====
> connectionToken==aa1a1111-1111-1111-aaa1-1a11aa11a111==
> bd9fa66d22b9: end
[18:13:39.105] Received install output: 
sshAuthSock====
webUiAccessToken====
listeningOn==35667==
osReleaseId==debian==
arch==x86_64==
tmpDir==/run/user/0==
platform==linux==
unpackResult====
didLocalDownload==0==
downloadTime====
installTime====
extInstallTime====
serverStartTime====
connectionToken==aa1a1111-1111-1111-aaa1-1a11aa11a111==

[18:13:39.106] Remote server is listening on 35667
[18:13:39.107] Parsed server configuration: {"serverConfiguration":{"remoteListeningOn":{"port":35667},"osReleaseId":"debian","arch":"x86_64","webUiAccessToken":"","sshAuthSock":"","tmpDir":"/run/user/0","platform":"linux","connectionToken":"aa1a1111-1111-1111-aaa1-1a11aa11a111"},"installUnpackCode":""}
[18:13:39.108] Persisting server connection details to /home/fila/.config/Code/User/globalStorage/ms-vscode-remote.remote-ssh/vscode-ssh-host-frontier-ea3859d4ba2f3e577a159bc91e3074c5d85c0523-0.64.0/data.json
[18:13:39.109] Starting forwarding server. localPort 41881 -> socksPort 34967 -> remotePort 35667
[18:13:39.110] Forwarding server listening on 41881
[18:13:39.110] Waiting for ssh tunnel to be ready
[18:13:39.111] [Forwarding server 41881] Got connection 0
[18:13:39.112] Tunneled 35667 to local port 41881
[18:13:39.113] Resolved "ssh-remote+frontier" to "127.0.0.1:41881"
[18:13:39.145] ------




[18:13:39.172] [Forwarding server 41881] Got connection 1
[18:13:39.173] [Forwarding server 41881] Got connection 2
