[2021-06-02 12:04:16.581] [renderer1] [error] [remote-connection] An error occurred in the very first connect attempt, it will be treated as a permanent error! Error:
[2021-06-02 12:04:16.581] [renderer1] [error] Error
    at e.resolveAuthority (file:///opt/visual-studio-code/resources/app/out/vs/workbench/workbench.desktop.main.js:4885:869)
    at async F._scanAndHandleExtensions (file:///opt/visual-studio-code/resources/app/out/vs/workbench/workbench.desktop.main.js:5441:363)
    at async F._initialize (file:///opt/visual-studio-code/resources/app/out/vs/workbench/workbench.desktop.main.js:5427:584)
[2021-06-02 12:04:16.581] [renderer1] [warning] Ignoring the error while validating workspace folder vscode-remote://ssh-remote%2Bfrontier/var/www/html/frontier - An unknown error occurred. Please consult the log for more details.
[2021-06-02 12:04:16.581] [renderer1] [error] Unable to read file 'vscode-remote://ssh-remote+frontier/var/www/html/frontier/.vscode/settings.json' (Error): Error: Unable to read file 'vscode-remote://ssh-remote+frontier/var/www/html/frontier/.vscode/settings.json' (Error)
    at _.doReadAsFileStream (file:///opt/visual-studio-code/resources/app/out/vs/workbench/workbench.desktop.main.js:1804:591)
    at async _.readFile (file:///opt/visual-studio-code/resources/app/out/vs/workbench/workbench.desktop.main.js:1803:715)
    at async file:///opt/visual-studio-code/resources/app/out/vs/workbench/workbench.desktop.main.js:3756:338
    at async Promise.all (index 0)
    at async Promise.all (index 0)
    at async m.loadConfiguration (file:///opt/visual-studio-code/resources/app/out/vs/workbench/workbench.desktop.main.js:3756:498)
[2021-06-02 12:04:16.581] [renderer1] [error] Unable to read file 'vscode-remote://ssh-remote+frontier/var/www/html/frontier/.vscode/tasks.json' (Error): Error: Unable to read file 'vscode-remote://ssh-remote+frontier/var/www/html/frontier/.vscode/tasks.json' (Error)
    at _.doReadAsFileStream (file:///opt/visual-studio-code/resources/app/out/vs/workbench/workbench.desktop.main.js:1804:591)
    at async _.readFile (file:///opt/visual-studio-code/resources/app/out/vs/workbench/workbench.desktop.main.js:1803:715)
    at async file:///opt/visual-studio-code/resources/app/out/vs/workbench/workbench.desktop.main.js:3756:338
    at async Promise.all (index 0)
    at async Promise.all (index 1)
    at async m.loadConfiguration (file:///opt/visual-studio-code/resources/app/out/vs/workbench/workbench.desktop.main.js:3756:498)
[2021-06-02 12:04:16.581] [renderer1] [error] Unable to read file 'vscode-remote://ssh-remote+frontier/var/www/html/frontier/.vscode/launch.json' (Error): Error: Unable to read file 'vscode-remote://ssh-remote+frontier/var/www/html/frontier/.vscode/launch.json' (Error)
    at _.doReadAsFileStream (file:///opt/visual-studio-code/resources/app/out/vs/workbench/workbench.desktop.main.js:1804:591)
    at async _.readFile (file:///opt/visual-studio-code/resources/app/out/vs/workbench/workbench.desktop.main.js:1803:715)
    at async file:///opt/visual-studio-code/resources/app/out/vs/workbench/workbench.desktop.main.js:3756:338
    at async Promise.all (index 1)
    at async Promise.all (index 1)
    at async m.loadConfiguration (file:///opt/visual-studio-code/resources/app/out/vs/workbench/workbench.desktop.main.js:3756:498)
[2021-06-02 12:04:16.581] [renderer1] [error] Unable to read file 'vscode-remote://ssh-remote+frontier/var/www/html/frontier/.vscode/settings.json' (Error): Error: Unable to read file 'vscode-remote://ssh-remote+frontier/var/www/html/frontier/.vscode/settings.json' (Error)
    at _.doReadAsFileStream (file:///opt/visual-studio-code/resources/app/out/vs/workbench/workbench.desktop.main.js:1804:591)
    at async _.readFile (file:///opt/visual-studio-code/resources/app/out/vs/workbench/workbench.desktop.main.js:1803:715)
    at async file:///opt/visual-studio-code/resources/app/out/vs/workbench/workbench.desktop.main.js:3756:338
    at async Promise.all (index 0)
    at async Promise.all (index 0)
    at async m.loadConfiguration (file:///opt/visual-studio-code/resources/app/out/vs/workbench/workbench.desktop.main.js:3756:498)
    at async Promise.all (index 0)
[2021-06-02 12:04:16.581] [renderer1] [error] Unable to read file 'vscode-remote://ssh-remote+frontier/var/www/html/frontier/.vscode/tasks.json' (Error): Error: Unable to read file 'vscode-remote://ssh-remote+frontier/var/www/html/frontier/.vscode/tasks.json' (Error)
    at _.doReadAsFileStream (file:///opt/visual-studio-code/resources/app/out/vs/workbench/workbench.desktop.main.js:1804:591)
    at async _.readFile (file:///opt/visual-studio-code/resources/app/out/vs/workbench/workbench.desktop.main.js:1803:715)
    at async file:///opt/visual-studio-code/resources/app/out/vs/workbench/workbench.desktop.main.js:3756:338
    at async Promise.all (index 0)
    at async Promise.all (index 1)
    at async m.loadConfiguration (file:///opt/visual-studio-code/resources/app/out/vs/workbench/workbench.desktop.main.js:3756:498)
    at async Promise.all (index 0)
[2021-06-02 12:04:16.581] [renderer1] [error] Unable to read file 'vscode-remote://ssh-remote+frontier/var/www/html/frontier/.vscode/launch.json' (Error): Error: Unable to read file 'vscode-remote://ssh-remote+frontier/var/www/html/frontier/.vscode/launch.json' (Error)
    at _.doReadAsFileStream (file:///opt/visual-studio-code/resources/app/out/vs/workbench/workbench.desktop.main.js:1804:591)
    at async _.readFile (file:///opt/visual-studio-code/resources/app/out/vs/workbench/workbench.desktop.main.js:1803:715)
    at async file:///opt/visual-studio-code/resources/app/out/vs/workbench/workbench.desktop.main.js:3756:338
    at async Promise.all (index 1)
    at async Promise.all (index 1)
    at async m.loadConfiguration (file:///opt/visual-studio-code/resources/app/out/vs/workbench/workbench.desktop.main.js:3756:498)
    at async Promise.all (index 0)
[2021-06-02 12:04:16.581] [renderer1] [error] Error: Unable to read file 'vscode-remote://ssh-remote+frontier/var/www/html/frontier/menu.php' (Error)
    at _.doReadAsFileStream (file:///opt/visual-studio-code/resources/app/out/vs/workbench/workbench.desktop.main.js:1804:591)
    at async R.doRead (file:///opt/visual-studio-code/resources/app/out/vs/workbench/workbench.desktop.main.js:6830:472)
    at async R.readStream (file:///opt/visual-studio-code/resources/app/out/vs/workbench/workbench.desktop.main.js:6830:125)
    at async e.loadFromFile (file:///opt/visual-studio-code/resources/app/out/vs/workbench/workbench.desktop.main.js:6738:549)
    at async y.resolve (file:///opt/visual-studio-code/resources/app/out/vs/workbench/workbench.desktop.main.js:6826:349)
    at async e.doResolveAsText (file:///opt/visual-studio-code/resources/app/out/vs/workbench/workbench.desktop.main.js:5659:105)
    at async w.setInput (file:///opt/visual-studio-code/resources/app/out/vs/workbench/workbench.desktop.main.js:6365:411)
    at async p.doSetInput (file:///opt/visual-studio-code/resources/app/out/vs/workbench/workbench.desktop.main.js:4688:840)
    at async p.openEditor (file:///opt/visual-studio-code/resources/app/out/vs/workbench/workbench.desktop.main.js:4687:425)
    at async file:///opt/visual-studio-code/resources/app/out/vs/workbench/workbench.desktop.main.js:7002:617
    at async e.restoreEditors (file:///opt/visual-studio-code/resources/app/out/vs/workbench/workbench.desktop.main.js:6995:609)
[2021-06-02 12:04:16.581] [renderer1] [error] An unknown error occurred. Please consult the log for more details.: Error
    at e.resolveAuthority (file:///opt/visual-studio-code/resources/app/out/vs/workbench/workbench.desktop.main.js:4885:869)
    at async F._scanAndHandleExtensions (file:///opt/visual-studio-code/resources/app/out/vs/workbench/workbench.desktop.main.js:5441:363)
    at async F._initialize (file:///opt/visual-studio-code/resources/app/out/vs/workbench/workbench.desktop.main.js:5427:584)
[2021-06-02 12:04:17.975] [renderer1] [error] spawn git ENOENT: Error: spawn git ENOENT
    at Process.ChildProcess._handle.onexit (internal/child_process.js:264:19)
    at onErrorNT (internal/child_process.js:456:16)
    at processTicksAndRejections (internal/process/task_queues.js:81:21)
