[12:04:12.969] Log Level: 2
[12:04:12.970] remote-ssh@0.64.0
[12:04:12.970] linux x64
[12:04:12.971] SSH Resolver called for "ssh-remote+frontier", attempt 1
[12:04:12.972] "remote.SSH.useLocalServer": true
[12:04:12.972] "remote.SSH.sshPath": undefined
[12:04:12.972] "remote.SSH.sshConfigurationFile": undefined
[12:04:12.972] "remote.SSH.useFlock": true
[12:04:12.972] "remote.SSH.lockfilesInTmp": false
[12:04:12.973] "remote.SSH.localServerDownload": auto
[12:04:12.973] "remote.SSH.remoteServerListenOnSocket": false
[12:04:12.973] "remote.SSH.showLoginTerminal": false
[12:04:12.973] "remote.SSH.defaultExtensions": []
[12:04:12.973] SSH Resolver called for host: frontier
[12:04:12.973] Setting up SSH remote "frontier"
[12:04:12.976] Acquiring local install lock: /tmp/vscode-remote-ssh-frontier-install.lock
[12:04:12.982] Looking for existing server data file at /home/fila/.config/Code/User/globalStorage/ms-vscode-remote.remote-ssh/vscode-ssh-host-frontier-ea3859d4ba2f3e577a159bc91e3074c5d85c0523-0.64.0/data.json
[12:04:12.983] Using commit id "ea3859d4ba2f3e577a159bc91e3074c5d85c0523" and quality "stable" for server
[12:04:12.986] Install and start server if needed
[12:04:13.001] Checking ssh with "ssh -V"
[12:04:13.011] > OpenSSH_8.6p1, OpenSSL 1.1.1k  25 Mar 2021

[12:04:13.013] askpass server listening on /run/user/1000/vscode-ssh-askpass-96f70a0032fbaad3089245ac40067ec084aaf665.sock
[12:04:13.014] Spawning local server with {"ipcHandlePath":"/run/user/1000/vscode-ssh-askpass-59f6f9fc470cb65082f9bd96bcfb2f0f583356a7.sock","sshCommand":"ssh","sshArgs":["-v","-T","-D","35557","-o","ConnectTimeout=15","frontier"],"dataFilePath":"/home/fila/.config/Code/User/globalStorage/ms-vscode-remote.remote-ssh/vscode-ssh-host-frontier-ea3859d4ba2f3e577a159bc91e3074c5d85c0523-0.64.0/data.json"}
[12:04:13.014] Local server env: {"DISPLAY":"1","ELECTRON_RUN_AS_NODE":"1","SSH_ASKPASS":"/home/fila/.vscode/extensions/ms-vscode-remote.remote-ssh-0.64.0/out/local-server/askpass.sh","VSCODE_SSH_ASKPASS_NODE":"/opt/visual-studio-code/code","VSCODE_SSH_ASKPASS_MAIN":"/home/fila/.vscode/extensions/ms-vscode-remote.remote-ssh-0.64.0/out/askpass-main.js","VSCODE_SSH_ASKPASS_HANDLE":"/run/user/1000/vscode-ssh-askpass-96f70a0032fbaad3089245ac40067ec084aaf665.sock"}
[12:04:13.018] Spawned 41359
[12:04:13.078] > local-server> Spawned ssh: 41367
[12:04:13.080] stderr> OpenSSH_8.6p1, OpenSSL 1.1.1k  25 Mar 2021
[12:04:16.269] stderr> kex_exchange_identification: read: Connection reset by peer
[12:04:16.269] stderr> Connection reset by 104.238.164.227 port 22
[12:04:16.269] > local-server> ssh child died, shutting down
[12:04:16.273] Local server exit: 0
[12:04:16.274] Received install output: OpenSSH_8.6p1, OpenSSL 1.1.1k  25 Mar 2021
kex_exchange_identification: read: Connection reset by peer
Connection reset by 104.238.164.227 port 22

[12:04:16.275] Stopped parsing output early. Remaining text: OpenSSH_8.6p1, OpenSSL 1.1.1k  25 Mar 2021kex_exchange_identification: read: Connection reset by peerConnection reset by 104.238.164.227 port 22
[12:04:16.275] Failed to parse remote port from server output
[12:04:16.293] Resolver error: Error: 
	at Function.Create (/home/fila/.vscode/extensions/ms-vscode-remote.remote-ssh-0.64.0/out/extension.js:1:64126)
	at Object.t.handleInstallOutput (/home/fila/.vscode/extensions/ms-vscode-remote.remote-ssh-0.64.0/out/extension.js:1:62865)
	at Object.t.tryInstallWithLocalServer (/home/fila/.vscode/extensions/ms-vscode-remote.remote-ssh-0.64.0/out/extension.js:1:405581)
	at processTicksAndRejections (internal/process/task_queues.js:94:5)
	at async /home/fila/.vscode/extensions/ms-vscode-remote.remote-ssh-0.64.0/out/extension.js:1:310867
	at async Object.t.withShowDetailsEvent (/home/fila/.vscode/extensions/ms-vscode-remote.remote-ssh-0.64.0/out/extension.js:1:406337)
	at async /home/fila/.vscode/extensions/ms-vscode-remote.remote-ssh-0.64.0/out/extension.js:1:404105
	at async S (/home/fila/.vscode/extensions/ms-vscode-remote.remote-ssh-0.64.0/out/extension.js:1:400873)
	at async Object.t.resolveWithLocalServer (/home/fila/.vscode/extensions/ms-vscode-remote.remote-ssh-0.64.0/out/extension.js:1:403732)
	at async Object.t.resolve (/home/fila/.vscode/extensions/ms-vscode-remote.remote-ssh-0.64.0/out/extension.js:1:314879)
	at async /home/fila/.vscode/extensions/ms-vscode-remote.remote-ssh-0.64.0/out/extension.js:127:110431
[12:04:16.299] ------




[12:04:16.973] Unhandled rejection: Error: spawn git ENOENT
    at Process.ChildProcess._handle.onexit (internal/child_process.js:264:19)
    at onErrorNT (internal/child_process.js:456:16)
    at processTicksAndRejections (internal/process/task_queues.js:81:21)
[12:04:16.993] Unhandled rejection: Error: spawn git ENOENT
    at Process.ChildProcess._handle.onexit (internal/child_process.js:264:19)
    at onErrorNT (internal/child_process.js:456:16)
    at processTicksAndRejections (internal/process/task_queues.js:81:21)
