[20:50:07.825] Log Level: 2
[20:50:07.827] remote-ssh@0.64.0
[20:50:07.827] linux x64
[20:50:07.828] SSH Resolver called for "ssh-remote+frontier", attempt 1
[20:50:07.828] "remote.SSH.useLocalServer": true
[20:50:07.828] "remote.SSH.sshPath": undefined
[20:50:07.829] "remote.SSH.sshConfigurationFile": undefined
[20:50:07.829] "remote.SSH.useFlock": true
[20:50:07.829] "remote.SSH.lockfilesInTmp": false
[20:50:07.829] "remote.SSH.localServerDownload": auto
[20:50:07.829] "remote.SSH.remoteServerListenOnSocket": false
[20:50:07.829] "remote.SSH.showLoginTerminal": false
[20:50:07.829] "remote.SSH.defaultExtensions": []
[20:50:07.830] SSH Resolver called for host: frontier
[20:50:07.830] Setting up SSH remote "frontier"
[20:50:07.832] Acquiring local install lock: /tmp/vscode-remote-ssh-frontier-install.lock
[20:50:07.838] Looking for existing server data file at /home/fila/.config/Code/User/globalStorage/ms-vscode-remote.remote-ssh/vscode-ssh-host-frontier-ea3859d4ba2f3e577a159bc91e3074c5d85c0523-0.64.0/data.json
[20:50:07.839] Using commit id "ea3859d4ba2f3e577a159bc91e3074c5d85c0523" and quality "stable" for server
[20:50:07.842] Install and start server if needed
[20:50:07.856] Checking ssh with "ssh -V"
[20:50:07.863] > OpenSSH_8.6p1, OpenSSL 1.1.1k  25 Mar 2021

[20:50:07.865] askpass server listening on /run/user/1000/vscode-ssh-askpass-13841da4300657ffa042bcd3e91a6df7d2d37f94.sock
[20:50:07.865] Spawning local server with {"ipcHandlePath":"/run/user/1000/vscode-ssh-askpass-baa49f0e26a799045198f8ebb22bf5c59ca5e29e.sock","sshCommand":"ssh","sshArgs":["-v","-T","-D","34583","-o","ConnectTimeout=15","frontier"],"dataFilePath":"/home/fila/.config/Code/User/globalStorage/ms-vscode-remote.remote-ssh/vscode-ssh-host-frontier-ea3859d4ba2f3e577a159bc91e3074c5d85c0523-0.64.0/data.json"}
[20:50:07.866] Local server env: {"DISPLAY":"1","ELECTRON_RUN_AS_NODE":"1","SSH_ASKPASS":"/home/fila/.vscode/extensions/ms-vscode-remote.remote-ssh-0.64.0/out/local-server/askpass.sh","VSCODE_SSH_ASKPASS_NODE":"/opt/visual-studio-code/code","VSCODE_SSH_ASKPASS_MAIN":"/home/fila/.vscode/extensions/ms-vscode-remote.remote-ssh-0.64.0/out/askpass-main.js","VSCODE_SSH_ASKPASS_HANDLE":"/run/user/1000/vscode-ssh-askpass-13841da4300657ffa042bcd3e91a6df7d2d37f94.sock"}
[20:50:07.870] Spawned 61089
[20:50:07.947] > local-server> Spawned ssh: 61097
[20:50:07.949] stderr> OpenSSH_8.6p1, OpenSSL 1.1.1k  25 Mar 2021
[20:50:08.022] stderr> debug1: Server host key: ssh-ed25519 SHA256:+CrTZn2eMVQHb+kUIoq+20+vmwatSHMyop4oni5I5bo
[20:50:08.154] stderr> Authenticated to frontiercanna.biz ([104.238.164.227]:22).
[20:50:08.240] > Linux Frontier 4.19.0-16-amd64 #1 SMP Debian 4.19.181-1 (2021-03-19) x86_64
> 
> The programs included with the Debian GNU/Linux system are free software;
> the exact distribution terms for each program are described in the
> individual files in /usr/share/doc/*/copyright.
> 
> Debian GNU/Linux comes with ABSOLUTELY NO WARRANTY, to the extent
> permitted by applicable law.
[20:50:08.249] > ready: 11a136ff2c29
[20:50:08.262] > Linux 4.19.0-16-amd64 #1 SMP Debian 4.19.181-1 (2021-03-19)
[20:50:08.263] Platform: linux
[20:50:08.302] > 11a136ff2c29: running
[20:50:08.331] > Acquiring lock on /root/.vscode-server/bin/ea3859d4ba2f3e577a159bc91e3074c5d85c0523/vscode-remote-lock.root.ea3859d4ba2f3e577a159bc91e3074c5d85c0523
[20:50:08.335] > Found existing installation at /root/.vscode-server/bin/ea3859d4ba2f3e577a159bc91e3074c5d85c0523...
> Checking /root/.vscode-server/.ea3859d4ba2f3e577a159bc91e3074c5d85c0523.log and /root/.vscode-server/.ea3859d4ba2f3e577a159bc91e3074c5d85c0523.pid for a running server
[20:50:08.335] > Looking for server with pid: 922
[20:50:08.349] > Found running server...
[20:50:08.350] >  
> *
> * Reminder: You may only use this software with Visual Studio family products,
> * as described in the license (https://go.microsoft.com/fwlink/?linkid=2077057)
> *
>  
[20:50:08.370] > Checking server status on port 36303 with wget
[20:50:08.378] > 11a136ff2c29: start
> sshAuthSock====
> webUiAccessToken====
> listeningOn==36303==
> osReleaseId==debian==
> arch==x86_64==
> tmpDir==/run/user/0==
> platform==linux==
> unpackResult====
> didLocalDownload==0==
> downloadTime====
> installTime====
> extInstallTime====
> serverStartTime====
> connectionToken==11111111-a1a1-1111-111a-1aa1aa1111aa==
> 11a136ff2c29: end
[20:50:08.378] Received install output: 
sshAuthSock====
webUiAccessToken====
listeningOn==36303==
osReleaseId==debian==
arch==x86_64==
tmpDir==/run/user/0==
platform==linux==
unpackResult====
didLocalDownload==0==
downloadTime====
installTime====
extInstallTime====
serverStartTime====
connectionToken==11111111-a1a1-1111-111a-1aa1aa1111aa==

[20:50:08.379] Remote server is listening on 36303
[20:50:08.380] Parsed server configuration: {"serverConfiguration":{"remoteListeningOn":{"port":36303},"osReleaseId":"debian","arch":"x86_64","webUiAccessToken":"","sshAuthSock":"","tmpDir":"/run/user/0","platform":"linux","connectionToken":"11111111-a1a1-1111-111a-1aa1aa1111aa"},"installUnpackCode":""}
[20:50:08.380] Persisting server connection details to /home/fila/.config/Code/User/globalStorage/ms-vscode-remote.remote-ssh/vscode-ssh-host-frontier-ea3859d4ba2f3e577a159bc91e3074c5d85c0523-0.64.0/data.json
[20:50:08.382] Starting forwarding server. localPort 46457 -> socksPort 34583 -> remotePort 36303
[20:50:08.382] Forwarding server listening on 46457
[20:50:08.383] Waiting for ssh tunnel to be ready
[20:50:08.384] [Forwarding server 46457] Got connection 0
[20:50:08.385] Tunneled 36303 to local port 46457
[20:50:08.385] Resolved "ssh-remote+frontier" to "127.0.0.1:46457"
[20:50:08.417] ------




[20:50:08.437] [Forwarding server 46457] Got connection 1
[20:50:08.438] [Forwarding server 46457] Got connection 2
[20:50:09.418] [Forwarding server 46457] Got connection 3
[20:50:10.797] Unhandled rejection: Error: spawn git ENOENT
    at Process.ChildProcess._handle.onexit (internal/child_process.js:264:19)
    at onErrorNT (internal/child_process.js:456:16)
    at processTicksAndRejections (internal/process/task_queues.js:81:21)
[20:50:10.841] Unhandled rejection: Error: spawn git ENOENT
    at Process.ChildProcess._handle.onexit (internal/child_process.js:264:19)
    at onErrorNT (internal/child_process.js:456:16)
    at processTicksAndRejections (internal/process/task_queues.js:81:21)
[20:55:08.013] [Forwarding server 46457] Got connection 4
