[12:03:07.658] Log Level: 2
[12:03:07.659] remote-ssh@0.64.0
[12:03:07.660] linux x64
[12:03:07.660] SSH Resolver called for "ssh-remote+frontier", attempt 1
[12:03:07.661] "remote.SSH.useLocalServer": true
[12:03:07.661] "remote.SSH.sshPath": undefined
[12:03:07.661] "remote.SSH.sshConfigurationFile": undefined
[12:03:07.661] "remote.SSH.useFlock": true
[12:03:07.661] "remote.SSH.lockfilesInTmp": false
[12:03:07.662] "remote.SSH.localServerDownload": auto
[12:03:07.662] "remote.SSH.remoteServerListenOnSocket": false
[12:03:07.662] "remote.SSH.showLoginTerminal": false
[12:03:07.662] "remote.SSH.defaultExtensions": []
[12:03:07.662] SSH Resolver called for host: frontier
[12:03:07.662] Setting up SSH remote "frontier"
[12:03:07.665] Acquiring local install lock: /tmp/vscode-remote-ssh-frontier-install.lock
[12:03:07.672] Looking for existing server data file at /home/fila/.config/Code/User/globalStorage/ms-vscode-remote.remote-ssh/vscode-ssh-host-frontier-ea3859d4ba2f3e577a159bc91e3074c5d85c0523-0.64.0/data.json
[12:03:07.673] Found local server running: {"remoteListeningOn":{"port":37687},"osReleaseId":"debian","arch":"x86_64","webUiAccessToken":"","sshAuthSock":"","tmpDir":"/run/user/0","platform":"linux","connectionToken":"1a11aaaa-aa1a-11aa-a11a-a1a1111a111a","pid":40673,"ipcHandlePath":"/run/user/1000/vscode-ssh-askpass-d75bdac067e2b6fd44f1486c993f56175399515b.sock","socksPort":34361,"startupTime":1622649776899}
[12:03:07.687] Found running server - short-circuiting install
[12:03:07.688] Starting forwarding server. localPort 42083 -> socksPort 34361 -> remotePort 37687
[12:03:07.688] Forwarding server listening on 42083
[12:03:07.688] Waiting for ssh tunnel to be ready
[12:03:07.689] [Forwarding server 42083] Got connection 0
[12:03:07.690] Tunneled 37687 to local port 42083
[12:03:07.690] Resolved "ssh-remote+frontier" to "127.0.0.1:42083"
[12:03:07.708] ------




[12:03:07.731] [Forwarding server 42083] Got connection 1
[12:03:07.731] [Forwarding server 42083] Got connection 2
[12:04:01.729] ------




[12:04:01.730] SSH Resolver called for "ssh-remote+frontier", attempt 2, (Reconnection)
[12:04:01.730] SSH Resolver called for host: frontier
[12:04:01.730] Setting up SSH remote "frontier"
[12:04:01.731] Acquiring local install lock: /tmp/vscode-remote-ssh-frontier-install.lock
[12:04:01.732] Looking for existing server data file at /home/fila/.config/Code/User/globalStorage/ms-vscode-remote.remote-ssh/vscode-ssh-host-frontier-ea3859d4ba2f3e577a159bc91e3074c5d85c0523-0.64.0/data.json
[12:04:01.732] Found local server running: {"remoteListeningOn":{"port":37687},"osReleaseId":"debian","arch":"x86_64","webUiAccessToken":"","sshAuthSock":"","tmpDir":"/run/user/0","platform":"linux","connectionToken":"1a11aaaa-aa1a-11aa-a11a-a1a1111a111a","pid":40673,"ipcHandlePath":"/run/user/1000/vscode-ssh-askpass-d75bdac067e2b6fd44f1486c993f56175399515b.sock","socksPort":34361,"startupTime":1622649776899}
[12:04:01.732] Running server is stale. Ignoring
[12:04:01.732] Using commit id "ea3859d4ba2f3e577a159bc91e3074c5d85c0523" and quality "stable" for server
[12:04:01.739] Install and start server if needed
[12:04:01.743] Checking ssh with "ssh -V"
[12:04:01.756] > OpenSSH_8.6p1, OpenSSL 1.1.1k  25 Mar 2021

[12:04:01.759] askpass server listening on /run/user/1000/vscode-ssh-askpass-490fc1821b16d057a7557be42bd157674dc0876c.sock
[12:04:01.760] Spawning local server with {"ipcHandlePath":"/run/user/1000/vscode-ssh-askpass-6a7a15c12833ac4993455719cd84c9cfafea5a28.sock","sshCommand":"ssh","sshArgs":["-v","-T","-D","42847","-o","ConnectTimeout=15","frontier"],"dataFilePath":"/home/fila/.config/Code/User/globalStorage/ms-vscode-remote.remote-ssh/vscode-ssh-host-frontier-ea3859d4ba2f3e577a159bc91e3074c5d85c0523-0.64.0/data.json"}
[12:04:01.760] Local server env: {"DISPLAY":"1","ELECTRON_RUN_AS_NODE":"1","SSH_ASKPASS":"/home/fila/.vscode/extensions/ms-vscode-remote.remote-ssh-0.64.0/out/local-server/askpass.sh","VSCODE_SSH_ASKPASS_NODE":"/opt/visual-studio-code/code","VSCODE_SSH_ASKPASS_MAIN":"/home/fila/.vscode/extensions/ms-vscode-remote.remote-ssh-0.64.0/out/askpass-main.js","VSCODE_SSH_ASKPASS_HANDLE":"/run/user/1000/vscode-ssh-askpass-490fc1821b16d057a7557be42bd157674dc0876c.sock"}
[12:04:01.765] Spawned 41137
[12:04:01.847] > local-server> Spawned ssh: 41145
[12:04:01.849] stderr> OpenSSH_8.6p1, OpenSSL 1.1.1k  25 Mar 2021
[12:04:02.388] stderr> kex_exchange_identification: read: Connection reset by peer
[12:04:02.388] stderr> Connection reset by 104.238.164.227 port 22
[12:04:02.389] > local-server> ssh child died, shutting down
[12:04:02.393] Local server exit: 0
[12:04:02.393] Received install output: OpenSSH_8.6p1, OpenSSL 1.1.1k  25 Mar 2021
kex_exchange_identification: read: Connection reset by peer
Connection reset by 104.238.164.227 port 22

[12:04:02.394] Stopped parsing output early. Remaining text: OpenSSH_8.6p1, OpenSSL 1.1.1k  25 Mar 2021kex_exchange_identification: read: Connection reset by peerConnection reset by 104.238.164.227 port 22
[12:04:02.394] Failed to parse remote port from server output
[12:04:02.397] Resolver error: Error: 
	at Function.Create (/home/fila/.vscode/extensions/ms-vscode-remote.remote-ssh-0.64.0/out/extension.js:1:64126)
	at Object.t.handleInstallOutput (/home/fila/.vscode/extensions/ms-vscode-remote.remote-ssh-0.64.0/out/extension.js:1:62865)
	at Object.t.tryInstallWithLocalServer (/home/fila/.vscode/extensions/ms-vscode-remote.remote-ssh-0.64.0/out/extension.js:1:405581)
	at processTicksAndRejections (internal/process/task_queues.js:94:5)
	at async /home/fila/.vscode/extensions/ms-vscode-remote.remote-ssh-0.64.0/out/extension.js:1:310867
	at async Object.t.withShowDetailsEvent (/home/fila/.vscode/extensions/ms-vscode-remote.remote-ssh-0.64.0/out/extension.js:1:406337)
	at async /home/fila/.vscode/extensions/ms-vscode-remote.remote-ssh-0.64.0/out/extension.js:1:404105
	at async S (/home/fila/.vscode/extensions/ms-vscode-remote.remote-ssh-0.64.0/out/extension.js:1:400873)
	at async Object.t.resolveWithLocalServer (/home/fila/.vscode/extensions/ms-vscode-remote.remote-ssh-0.64.0/out/extension.js:1:403732)
	at async Object.t.resolve (/home/fila/.vscode/extensions/ms-vscode-remote.remote-ssh-0.64.0/out/extension.js:1:314879)
	at async /home/fila/.vscode/extensions/ms-vscode-remote.remote-ssh-0.64.0/out/extension.js:127:110431
[12:04:02.399] ------




