[17:47:07.054] Log Level: 2
[17:47:07.056] remote-ssh@0.64.0
[17:47:07.056] linux x64
[17:47:07.057] SSH Resolver called for "ssh-remote+frontier", attempt 1
[17:47:07.057] "remote.SSH.useLocalServer": true
[17:47:07.057] "remote.SSH.sshPath": undefined
[17:47:07.057] "remote.SSH.sshConfigurationFile": undefined
[17:47:07.058] "remote.SSH.useFlock": true
[17:47:07.058] "remote.SSH.lockfilesInTmp": false
[17:47:07.058] "remote.SSH.localServerDownload": auto
[17:47:07.058] "remote.SSH.remoteServerListenOnSocket": false
[17:47:07.058] "remote.SSH.showLoginTerminal": false
[17:47:07.058] "remote.SSH.defaultExtensions": []
[17:47:07.059] SSH Resolver called for host: frontier
[17:47:07.059] Setting up SSH remote "frontier"
[17:47:07.061] Acquiring local install lock: /tmp/vscode-remote-ssh-frontier-install.lock
[17:47:07.069] Looking for existing server data file at /home/fila/.config/Code/User/globalStorage/ms-vscode-remote.remote-ssh/vscode-ssh-host-frontier-ea3859d4ba2f3e577a159bc91e3074c5d85c0523-0.64.0/data.json
[17:47:07.069] Using commit id "ea3859d4ba2f3e577a159bc91e3074c5d85c0523" and quality "stable" for server
[17:47:07.072] Install and start server if needed
[17:47:07.086] Checking ssh with "ssh -V"
[17:47:07.092] > OpenSSH_8.6p1, OpenSSL 1.1.1k  25 Mar 2021

[17:47:07.095] askpass server listening on /run/user/1000/vscode-ssh-askpass-4578b8602c2f1b1288a8716cf4301849a6ed5e1c.sock
[17:47:07.095] Spawning local server with {"ipcHandlePath":"/run/user/1000/vscode-ssh-askpass-574a1ad517fd0d380acf9debb132ca28c7d4a9d0.sock","sshCommand":"ssh","sshArgs":["-v","-T","-D","35923","-o","ConnectTimeout=15","frontier"],"dataFilePath":"/home/fila/.config/Code/User/globalStorage/ms-vscode-remote.remote-ssh/vscode-ssh-host-frontier-ea3859d4ba2f3e577a159bc91e3074c5d85c0523-0.64.0/data.json"}
[17:47:07.095] Local server env: {"DISPLAY":"1","ELECTRON_RUN_AS_NODE":"1","SSH_ASKPASS":"/home/fila/.vscode/extensions/ms-vscode-remote.remote-ssh-0.64.0/out/local-server/askpass.sh","VSCODE_SSH_ASKPASS_NODE":"/opt/visual-studio-code/code","VSCODE_SSH_ASKPASS_MAIN":"/home/fila/.vscode/extensions/ms-vscode-remote.remote-ssh-0.64.0/out/askpass-main.js","VSCODE_SSH_ASKPASS_HANDLE":"/run/user/1000/vscode-ssh-askpass-4578b8602c2f1b1288a8716cf4301849a6ed5e1c.sock"}
[17:47:07.098] Spawned 10808
[17:47:07.159] > local-server> Spawned ssh: 10816
[17:47:07.161] stderr> OpenSSH_8.6p1, OpenSSL 1.1.1k  25 Mar 2021
